------------------------------------------------------------------------------------------------------------------------

[2023-10-15 21:45:52 #1 store] 
Database '/home/josu/git/Bets21/src/main/resources/bets.temp' is opened by 66847@jabox

[2023-10-15 21:45:52 #2 store] 
Configuration path: /home/josu/git/Bets21/objectdb.conf

[2023-10-15 21:45:52 #3 type] 
Type domain.Erabiltzaile is not enhanced.

[2023-10-15 21:45:52 #4 type] 
Type domain.User is not enhanced.

[2023-10-15 21:45:52 #5 type] 
Type domain.Buzoia is not enhanced.

[2023-10-15 21:45:52 #6 type] 
Type domain.Mugimendua is not enhanced.

[2023-10-15 21:45:52 #7 type] 
Type domain.Mezua is not enhanced.

[2023-10-15 21:45:52 #8 type] 
Type domain.Question is not enhanced.

[2023-10-15 21:45:52 #9 type] 
Type domain.Event is not enhanced.

[2023-10-15 21:45:52 #10 type] 
Type domain.Quote is not enhanced.

[2023-10-15 21:45:52 #11 type] 
Type domain.Admin is not enhanced.

[2023-10-15 21:45:52 #12 type] 
Type domain.Langile is not enhanced.

[2023-10-15 21:45:52 #13 type] 
Type domain.Apostatu is not enhanced.

------------------------------------------------------------------------------------------------------------------------

[2023-10-15 21:49:44 #1 store] 
Database '/home/josu/git/Bets21/src/main/resources/bets.temp' has been recovered (tr. 326-326)

[2023-10-15 21:49:44 #2 store] 
Database '/home/josu/git/Bets21/src/main/resources/bets.temp' is opened by 68022@jabox

[2023-10-15 21:49:44 #3 store] 
Configuration path: /home/josu/git/Bets21/objectdb.conf

[2023-10-15 21:49:44 #4 type] 
Type domain.Erabiltzaile is not enhanced.

[2023-10-15 21:49:44 #5 type] 
Type domain.User is not enhanced.

[2023-10-15 21:49:44 #6 type] 
Type domain.Buzoia is not enhanced.

[2023-10-15 21:49:44 #7 type] 
Type domain.Mugimendua is not enhanced.

[2023-10-15 21:49:44 #8 type] 
Type domain.Mezua is not enhanced.

[2023-10-15 21:49:44 #9 type] 
Type domain.Question is not enhanced.

[2023-10-15 21:49:44 #10 type] 
Type domain.Event is not enhanced.

[2023-10-15 21:49:44 #11 type] 
Type domain.Quote is not enhanced.

[2023-10-15 21:49:44 #12 type] 
Type domain.Admin is not enhanced.

[2023-10-15 21:49:44 #13 type] 
Type domain.Langile is not enhanced.

[2023-10-15 21:49:44 #14 type] 
Type domain.Apostatu is not enhanced.

------------------------------------------------------------------------------------------------------------------------

[2023-10-15 21:50:33 #1 store] 
Database '/home/josu/git/Bets21/src/main/resources/bets.temp' has been recovered (tr. 327-336)

[2023-10-15 21:50:33 #2 store] 
Database '/home/josu/git/Bets21/src/main/resources/bets.temp' is opened by 68284@jabox

[2023-10-15 21:50:33 #3 store] 
Configuration path: /home/josu/git/Bets21/objectdb.conf

[2023-10-15 21:50:34 #4 type] 
Type domain.Erabiltzaile is not enhanced.

[2023-10-15 21:50:34 #5 type] 
Type domain.User is not enhanced.

[2023-10-15 21:50:34 #6 type] 
Type domain.Buzoia is not enhanced.

[2023-10-15 21:50:34 #7 type] 
Type domain.Mugimendua is not enhanced.

[2023-10-15 21:50:34 #8 type] 
Type domain.Mezua is not enhanced.

[2023-10-15 21:50:34 #9 type] 
Type domain.Question is not enhanced.

[2023-10-15 21:50:34 #10 type] 
Type domain.Event is not enhanced.

[2023-10-15 21:50:34 #11 type] 
Type domain.Quote is not enhanced.

[2023-10-15 21:50:34 #12 type] 
Type domain.Admin is not enhanced.

[2023-10-15 21:50:34 #13 type] 
Type domain.Langile is not enhanced.

[2023-10-15 21:50:34 #14 type] 
Type domain.Apostatu is not enhanced.

------------------------------------------------------------------------------------------------------------------------

[2023-10-15 21:53:12 #1 store] 
Database '/home/josu/git/Bets21/src/main/resources/bets.temp' has been recovered (tr. 337-346)

[2023-10-15 21:53:12 #2 store] 
Database '/home/josu/git/Bets21/src/main/resources/bets.temp' is opened by 69026@jabox

[2023-10-15 21:53:12 #3 store] 
Configuration path: /home/josu/git/Bets21/objectdb.conf

[2023-10-15 21:53:12 #4 type] 
Type domain.Erabiltzaile is not enhanced.

[2023-10-15 21:53:12 #5 type] 
Type domain.User is not enhanced.

[2023-10-15 21:53:12 #6 type] 
Type domain.Buzoia is not enhanced.

[2023-10-15 21:53:12 #7 type] 
Type domain.Mugimendua is not enhanced.

[2023-10-15 21:53:12 #8 type] 
Type domain.Mezua is not enhanced.

[2023-10-15 21:53:12 #9 type] 
Type domain.Question is not enhanced.

[2023-10-15 21:53:12 #10 type] 
Type domain.Event is not enhanced.

[2023-10-15 21:53:12 #11 type] 
Type domain.Quote is not enhanced.

[2023-10-15 21:53:12 #12 type] 
Type domain.Admin is not enhanced.

[2023-10-15 21:53:12 #13 type] 
Type domain.Langile is not enhanced.

[2023-10-15 21:53:12 #14 type] 
Type domain.Apostatu is not enhanced.

------------------------------------------------------------------------------------------------------------------------

[2023-10-15 21:54:13 #1 store] 
Database '/home/josu/git/Bets21/src/main/resources/bets.temp' has been recovered (tr. 347-354)

[2023-10-15 21:54:13 #2 store] 
Database '/home/josu/git/Bets21/src/main/resources/bets.temp' is opened by 69438@jabox

[2023-10-15 21:54:13 #3 store] 
Configuration path: /home/josu/git/Bets21/objectdb.conf

[2023-10-15 21:54:13 #4 type] 
Type domain.Erabiltzaile is not enhanced.

[2023-10-15 21:54:13 #5 type] 
Type domain.User is not enhanced.

[2023-10-15 21:54:13 #6 type] 
Type domain.Buzoia is not enhanced.

[2023-10-15 21:54:13 #7 type] 
Type domain.Mugimendua is not enhanced.

[2023-10-15 21:54:13 #8 type] 
Type domain.Mezua is not enhanced.

[2023-10-15 21:54:13 #9 type] 
Type domain.Question is not enhanced.

[2023-10-15 21:54:13 #10 type] 
Type domain.Event is not enhanced.

[2023-10-15 21:54:13 #11 type] 
Type domain.Quote is not enhanced.

[2023-10-15 21:54:13 #12 type] 
Type domain.Admin is not enhanced.

[2023-10-15 21:54:13 #13 type] 
Type domain.Langile is not enhanced.

[2023-10-15 21:54:13 #14 type] 
Type domain.Apostatu is not enhanced.

------------------------------------------------------------------------------------------------------------------------

[2023-10-15 21:56:59 #1 store] 
Database '/home/josu/git/Bets21/src/main/resources/bets.temp' has been recovered (tr. 355-362)

[2023-10-15 21:56:59 #2 store] 
Database '/home/josu/git/Bets21/src/main/resources/bets.temp' is opened by 70572@jabox

[2023-10-15 21:56:59 #3 store] 
Configuration path: /home/josu/git/Bets21/objectdb.conf

[2023-10-15 21:57:00 #4 type] 
Type domain.Erabiltzaile is not enhanced.

[2023-10-15 21:57:00 #5 type] 
Type domain.User is not enhanced.

[2023-10-15 21:57:00 #6 type] 
Type domain.Buzoia is not enhanced.

[2023-10-15 21:57:00 #7 type] 
Type domain.Mugimendua is not enhanced.

[2023-10-15 21:57:00 #8 type] 
Type domain.Mezua is not enhanced.

[2023-10-15 21:57:00 #9 type] 
Type domain.Question is not enhanced.

[2023-10-15 21:57:00 #10 type] 
Type domain.Event is not enhanced.

[2023-10-15 21:57:00 #11 type] 
Type domain.Quote is not enhanced.

[2023-10-15 21:57:00 #12 type] 
Type domain.Admin is not enhanced.

[2023-10-15 21:57:00 #13 type] 
Type domain.Langile is not enhanced.

[2023-10-15 21:57:00 #14 type] 
Type domain.Apostatu is not enhanced.

------------------------------------------------------------------------------------------------------------------------

[2023-10-15 21:58:44 #1 store] 
Database '/home/josu/git/Bets21/src/main/resources/bets.temp' has been recovered (tr. 363-370)

[2023-10-15 21:58:44 #2 store] 
Database '/home/josu/git/Bets21/src/main/resources/bets.temp' is opened by 71204@jabox

[2023-10-15 21:58:44 #3 store] 
Configuration path: /home/josu/git/Bets21/objectdb.conf

[2023-10-15 21:58:44 #4 type] 
Type domain.Erabiltzaile is not enhanced.

[2023-10-15 21:58:44 #5 type] 
Type domain.User is not enhanced.

[2023-10-15 21:58:44 #6 type] 
Type domain.Buzoia is not enhanced.

[2023-10-15 21:58:44 #7 type] 
Type domain.Mugimendua is not enhanced.

[2023-10-15 21:58:44 #8 type] 
Type domain.Mezua is not enhanced.

[2023-10-15 21:58:44 #9 type] 
Type domain.Question is not enhanced.

[2023-10-15 21:58:44 #10 type] 
Type domain.Event is not enhanced.

[2023-10-15 21:58:44 #11 type] 
Type domain.Quote is not enhanced.

[2023-10-15 21:58:44 #12 type] 
Type domain.Admin is not enhanced.

[2023-10-15 21:58:44 #13 type] 
Type domain.Langile is not enhanced.

[2023-10-15 21:58:44 #14 type] 
Type domain.Apostatu is not enhanced.

------------------------------------------------------------------------------------------------------------------------

[2023-10-15 22:02:17 #1 store] 
Database '/home/josu/git/Bets21/src/main/resources/bets.temp' has been recovered (tr. 371-378)

[2023-10-15 22:02:17 #2 store] 
Database '/home/josu/git/Bets21/src/main/resources/bets.temp' is opened by 72296@jabox

[2023-10-15 22:02:17 #3 store] 
Configuration path: /home/josu/git/Bets21/objectdb.conf

[2023-10-15 22:02:17 #4 type] 
Type domain.Erabiltzaile is not enhanced.

[2023-10-15 22:02:17 #5 type] 
Type domain.User is not enhanced.

[2023-10-15 22:02:17 #6 type] 
Type domain.Buzoia is not enhanced.

[2023-10-15 22:02:17 #7 type] 
Type domain.Mugimendua is not enhanced.

[2023-10-15 22:02:17 #8 type] 
Type domain.Mezua is not enhanced.

[2023-10-15 22:02:17 #9 type] 
Type domain.Question is not enhanced.

[2023-10-15 22:02:17 #10 type] 
Type domain.Event is not enhanced.

[2023-10-15 22:02:17 #11 type] 
Type domain.Quote is not enhanced.

[2023-10-15 22:02:17 #12 type] 
Type domain.Admin is not enhanced.

[2023-10-15 22:02:17 #13 type] 
Type domain.Langile is not enhanced.

[2023-10-15 22:02:17 #14 type] 
Type domain.Apostatu is not enhanced.

------------------------------------------------------------------------------------------------------------------------

[2023-10-15 22:02:50 #1 store] 
Database '/home/josu/git/Bets21/src/main/resources/bets.temp' has been recovered (tr. 379-386)

[2023-10-15 22:02:50 #2 store] 
Database '/home/josu/git/Bets21/src/main/resources/bets.temp' is opened by 72510@jabox

[2023-10-15 22:02:50 #3 store] 
Configuration path: /home/josu/git/Bets21/objectdb.conf

[2023-10-15 22:02:50 #4 type] 
Type domain.Erabiltzaile is not enhanced.

[2023-10-15 22:02:50 #5 type] 
Type domain.User is not enhanced.

[2023-10-15 22:02:50 #6 type] 
Type domain.Buzoia is not enhanced.

[2023-10-15 22:02:50 #7 type] 
Type domain.Mugimendua is not enhanced.

[2023-10-15 22:02:50 #8 type] 
Type domain.Mezua is not enhanced.

[2023-10-15 22:02:50 #9 type] 
Type domain.Question is not enhanced.

[2023-10-15 22:02:50 #10 type] 
Type domain.Event is not enhanced.

[2023-10-15 22:02:50 #11 type] 
Type domain.Quote is not enhanced.

[2023-10-15 22:02:50 #12 type] 
Type domain.Admin is not enhanced.

[2023-10-15 22:02:50 #13 type] 
Type domain.Langile is not enhanced.

[2023-10-15 22:02:50 #14 type] 
Type domain.Apostatu is not enhanced.

------------------------------------------------------------------------------------------------------------------------

[2023-10-15 22:03:30 #1 store] 
Database '/home/josu/git/Bets21/src/main/resources/bets.temp' has been recovered (tr. 387-394)

[2023-10-15 22:03:30 #2 store] 
Database '/home/josu/git/Bets21/src/main/resources/bets.temp' is opened by 72736@jabox

[2023-10-15 22:03:30 #3 store] 
Configuration path: /home/josu/git/Bets21/objectdb.conf

[2023-10-15 22:03:30 #4 type] 
Type domain.Erabiltzaile is not enhanced.

[2023-10-15 22:03:30 #5 type] 
Type domain.User is not enhanced.

[2023-10-15 22:03:30 #6 type] 
Type domain.Buzoia is not enhanced.

[2023-10-15 22:03:30 #7 type] 
Type domain.Mugimendua is not enhanced.

[2023-10-15 22:03:30 #8 type] 
Type domain.Mezua is not enhanced.

[2023-10-15 22:03:30 #9 type] 
Type domain.Question is not enhanced.

[2023-10-15 22:03:30 #10 type] 
Type domain.Event is not enhanced.

[2023-10-15 22:03:30 #11 type] 
Type domain.Quote is not enhanced.

[2023-10-15 22:03:30 #12 type] 
Type domain.Admin is not enhanced.

[2023-10-15 22:03:30 #13 type] 
Type domain.Langile is not enhanced.

[2023-10-15 22:03:30 #14 type] 
Type domain.Apostatu is not enhanced.

------------------------------------------------------------------------------------------------------------------------

[2023-10-15 22:05:36 #1 store] 
Database '/home/josu/git/Bets21/src/main/resources/bets.temp' has been recovered (tr. 395-402)

[2023-10-15 22:05:36 #2 store] 
Database '/home/josu/git/Bets21/src/main/resources/bets.temp' is opened by 73433@jabox

[2023-10-15 22:05:36 #3 store] 
Configuration path: /home/josu/git/Bets21/objectdb.conf

[2023-10-15 22:05:37 #4 type] 
Type domain.Erabiltzaile is not enhanced.

[2023-10-15 22:05:37 #5 type] 
Type domain.User is not enhanced.

[2023-10-15 22:05:37 #6 type] 
Type domain.Buzoia is not enhanced.

[2023-10-15 22:05:37 #7 type] 
Type domain.Mugimendua is not enhanced.

[2023-10-15 22:05:37 #8 type] 
Type domain.Mezua is not enhanced.

[2023-10-15 22:05:37 #9 type] 
Type domain.Question is not enhanced.

[2023-10-15 22:05:37 #10 type] 
Type domain.Event is not enhanced.

[2023-10-15 22:05:37 #11 type] 
Type domain.Quote is not enhanced.

[2023-10-15 22:05:37 #12 type] 
Type domain.Admin is not enhanced.

[2023-10-15 22:05:37 #13 type] 
Type domain.Langile is not enhanced.

[2023-10-15 22:05:37 #14 type] 
Type domain.Apostatu is not enhanced.

------------------------------------------------------------------------------------------------------------------------

[2023-10-15 22:05:50 #1 store] 
Database '/home/josu/git/Bets21/src/main/resources/bets.temp' has been recovered (tr. 403-410)

[2023-10-15 22:05:50 #2 store] 
Database '/home/josu/git/Bets21/src/main/resources/bets.temp' is opened by 73544@jabox

[2023-10-15 22:05:50 #3 store] 
Configuration path: /home/josu/git/Bets21/objectdb.conf

[2023-10-15 22:05:50 #4 type] 
Type domain.Erabiltzaile is not enhanced.

[2023-10-15 22:05:50 #5 type] 
Type domain.User is not enhanced.

[2023-10-15 22:05:51 #6 type] 
Type domain.Buzoia is not enhanced.

[2023-10-15 22:05:51 #7 type] 
Type domain.Mugimendua is not enhanced.

[2023-10-15 22:05:51 #8 type] 
Type domain.Mezua is not enhanced.

[2023-10-15 22:05:51 #9 type] 
Type domain.Question is not enhanced.

[2023-10-15 22:05:51 #10 type] 
Type domain.Event is not enhanced.

[2023-10-15 22:05:51 #11 type] 
Type domain.Quote is not enhanced.

[2023-10-15 22:05:51 #12 type] 
Type domain.Admin is not enhanced.

[2023-10-15 22:05:51 #13 type] 
Type domain.Langile is not enhanced.

[2023-10-15 22:05:51 #14 type] 
Type domain.Apostatu is not enhanced.

------------------------------------------------------------------------------------------------------------------------

[2023-10-15 22:06:10 #1 store] 
Database '/home/josu/git/Bets21/src/main/resources/bets.temp' has been recovered (tr. 411-418)

[2023-10-15 22:06:10 #2 store] 
Database '/home/josu/git/Bets21/src/main/resources/bets.temp' is opened by 73701@jabox

[2023-10-15 22:06:10 #3 store] 
Configuration path: /home/josu/git/Bets21/objectdb.conf

[2023-10-15 22:06:10 #4 type] 
Type domain.Erabiltzaile is not enhanced.

[2023-10-15 22:06:10 #5 type] 
Type domain.User is not enhanced.

[2023-10-15 22:06:11 #6 type] 
Type domain.Buzoia is not enhanced.

[2023-10-15 22:06:11 #7 type] 
Type domain.Mugimendua is not enhanced.

[2023-10-15 22:06:11 #8 type] 
Type domain.Mezua is not enhanced.

[2023-10-15 22:06:11 #9 type] 
Type domain.Question is not enhanced.

[2023-10-15 22:06:11 #10 type] 
Type domain.Event is not enhanced.

[2023-10-15 22:06:11 #11 type] 
Type domain.Quote is not enhanced.

[2023-10-15 22:06:11 #12 type] 
Type domain.Admin is not enhanced.

[2023-10-15 22:06:11 #13 type] 
Type domain.Langile is not enhanced.

[2023-10-15 22:06:11 #14 type] 
Type domain.Apostatu is not enhanced.

------------------------------------------------------------------------------------------------------------------------

[2023-10-15 22:06:33 #1 store] 
Database '/home/josu/git/Bets21/src/main/resources/bets.temp' has been recovered (tr. 419-426)

[2023-10-15 22:06:33 #2 store] 
Database '/home/josu/git/Bets21/src/main/resources/bets.temp' is opened by 73896@jabox

[2023-10-15 22:06:33 #3 store] 
Configuration path: /home/josu/git/Bets21/objectdb.conf

[2023-10-15 22:06:33 #4 type] 
Type domain.Erabiltzaile is not enhanced.

[2023-10-15 22:06:33 #5 type] 
Type domain.User is not enhanced.

[2023-10-15 22:06:33 #6 type] 
Type domain.Buzoia is not enhanced.

[2023-10-15 22:06:33 #7 type] 
Type domain.Mugimendua is not enhanced.

[2023-10-15 22:06:33 #8 type] 
Type domain.Mezua is not enhanced.

[2023-10-15 22:06:33 #9 type] 
Type domain.Question is not enhanced.

[2023-10-15 22:06:33 #10 type] 
Type domain.Event is not enhanced.

[2023-10-15 22:06:33 #11 type] 
Type domain.Quote is not enhanced.

[2023-10-15 22:06:33 #12 type] 
Type domain.Admin is not enhanced.

[2023-10-15 22:06:33 #13 type] 
Type domain.Langile is not enhanced.

[2023-10-15 22:06:33 #14 type] 
Type domain.Apostatu is not enhanced.

------------------------------------------------------------------------------------------------------------------------

[2023-10-15 22:07:17 #1 store] 
Database '/home/josu/git/Bets21/src/main/resources/bets.temp' has been recovered (tr. 427-434)

[2023-10-15 22:07:17 #2 store] 
Database '/home/josu/git/Bets21/src/main/resources/bets.temp' is opened by 74296@jabox

[2023-10-15 22:07:17 #3 store] 
Configuration path: /home/josu/git/Bets21/objectdb.conf

[2023-10-15 22:07:17 #4 type] 
Type domain.Erabiltzaile is not enhanced.

[2023-10-15 22:07:17 #5 type] 
Type domain.User is not enhanced.

[2023-10-15 22:07:17 #6 type] 
Type domain.Buzoia is not enhanced.

[2023-10-15 22:07:17 #7 type] 
Type domain.Mugimendua is not enhanced.

[2023-10-15 22:07:17 #8 type] 
Type domain.Mezua is not enhanced.

[2023-10-15 22:07:17 #9 type] 
Type domain.Question is not enhanced.

[2023-10-15 22:07:17 #10 type] 
Type domain.Event is not enhanced.

[2023-10-15 22:07:17 #11 type] 
Type domain.Quote is not enhanced.

[2023-10-15 22:07:17 #12 type] 
Type domain.Admin is not enhanced.

[2023-10-15 22:07:17 #13 type] 
Type domain.Langile is not enhanced.

[2023-10-15 22:07:17 #14 type] 
Type domain.Apostatu is not enhanced.

------------------------------------------------------------------------------------------------------------------------

[2023-10-15 22:07:40 #1 store] 
Database '/home/josu/git/Bets21/src/main/resources/bets.temp' has been recovered (tr. 435-442)

[2023-10-15 22:07:40 #2 store] 
Database '/home/josu/git/Bets21/src/main/resources/bets.temp' is opened by 74490@jabox

[2023-10-15 22:07:40 #3 store] 
Configuration path: /home/josu/git/Bets21/objectdb.conf

[2023-10-15 22:07:40 #4 type] 
Type domain.Erabiltzaile is not enhanced.

[2023-10-15 22:07:40 #5 type] 
Type domain.User is not enhanced.

[2023-10-15 22:07:40 #6 type] 
Type domain.Buzoia is not enhanced.

[2023-10-15 22:07:40 #7 type] 
Type domain.Mugimendua is not enhanced.

[2023-10-15 22:07:40 #8 type] 
Type domain.Mezua is not enhanced.

[2023-10-15 22:07:40 #9 type] 
Type domain.Question is not enhanced.

[2023-10-15 22:07:40 #10 type] 
Type domain.Event is not enhanced.

[2023-10-15 22:07:40 #11 type] 
Type domain.Quote is not enhanced.

[2023-10-15 22:07:40 #12 type] 
Type domain.Admin is not enhanced.

[2023-10-15 22:07:40 #13 type] 
Type domain.Langile is not enhanced.

[2023-10-15 22:07:40 #14 type] 
Type domain.Apostatu is not enhanced.

------------------------------------------------------------------------------------------------------------------------

[2023-10-15 22:08:04 #1 store] 
Database '/home/josu/git/Bets21/src/main/resources/bets.temp' has been recovered (tr. 443-450)

[2023-10-15 22:08:04 #2 store] 
Database '/home/josu/git/Bets21/src/main/resources/bets.temp' is opened by 74663@jabox

[2023-10-15 22:08:04 #3 store] 
Configuration path: /home/josu/git/Bets21/objectdb.conf

[2023-10-15 22:08:05 #4 type] 
Type domain.Erabiltzaile is not enhanced.

[2023-10-15 22:08:05 #5 type] 
Type domain.User is not enhanced.

[2023-10-15 22:08:05 #6 type] 
Type domain.Buzoia is not enhanced.

[2023-10-15 22:08:05 #7 type] 
Type domain.Mugimendua is not enhanced.

[2023-10-15 22:08:05 #8 type] 
Type domain.Mezua is not enhanced.

[2023-10-15 22:08:05 #9 type] 
Type domain.Question is not enhanced.

[2023-10-15 22:08:05 #10 type] 
Type domain.Event is not enhanced.

[2023-10-15 22:08:05 #11 type] 
Type domain.Quote is not enhanced.

[2023-10-15 22:08:05 #12 type] 
Type domain.Admin is not enhanced.

[2023-10-15 22:08:05 #13 type] 
Type domain.Langile is not enhanced.

[2023-10-15 22:08:05 #14 type] 
Type domain.Apostatu is not enhanced.

------------------------------------------------------------------------------------------------------------------------

[2023-10-15 22:12:56 #1 store] 
Database '/home/josu/git/Bets21/src/main/resources/bets.temp' has been recovered (tr. 451-458)

[2023-10-15 22:12:56 #2 store] 
Database '/home/josu/git/Bets21/src/main/resources/bets.temp' is opened by 76170@jabox

[2023-10-15 22:12:56 #3 store] 
Configuration path: /home/josu/git/Bets21/objectdb.conf

[2023-10-15 22:12:56 #4 type] 
Type domain.Erabiltzaile is not enhanced.

[2023-10-15 22:12:56 #5 type] 
Type domain.User is not enhanced.

[2023-10-15 22:12:56 #6 type] 
Type domain.Buzoia is not enhanced.

[2023-10-15 22:12:56 #7 type] 
Type domain.Mugimendua is not enhanced.

[2023-10-15 22:12:56 #8 type] 
Type domain.Mezua is not enhanced.

[2023-10-15 22:12:56 #9 type] 
Type domain.Question is not enhanced.

[2023-10-15 22:12:56 #10 type] 
Type domain.Event is not enhanced.

[2023-10-15 22:12:56 #11 type] 
Type domain.Quote is not enhanced.

[2023-10-15 22:12:56 #12 type] 
Type domain.Admin is not enhanced.

[2023-10-15 22:12:56 #13 type] 
Type domain.Langile is not enhanced.

[2023-10-15 22:12:56 #14 type] 
Type domain.Apostatu is not enhanced.

------------------------------------------------------------------------------------------------------------------------

[2023-10-15 22:14:10 #1 store] 
Database '/home/josu/git/Bets21/src/main/resources/bets.temp' has been recovered (tr. 459-466)

[2023-10-15 22:14:10 #2 store] 
Database '/home/josu/git/Bets21/src/main/resources/bets.temp' is opened by 76600@jabox

[2023-10-15 22:14:10 #3 store] 
Configuration path: /home/josu/git/Bets21/objectdb.conf

[2023-10-15 22:14:10 #4 type] 
Type domain.Erabiltzaile is not enhanced.

[2023-10-15 22:14:10 #5 type] 
Type domain.User is not enhanced.

[2023-10-15 22:14:10 #6 type] 
Type domain.Buzoia is not enhanced.

[2023-10-15 22:14:10 #7 type] 
Type domain.Mugimendua is not enhanced.

[2023-10-15 22:14:10 #8 type] 
Type domain.Mezua is not enhanced.

[2023-10-15 22:14:10 #9 type] 
Type domain.Question is not enhanced.

[2023-10-15 22:14:10 #10 type] 
Type domain.Event is not enhanced.

[2023-10-15 22:14:10 #11 type] 
Type domain.Quote is not enhanced.

[2023-10-15 22:14:10 #12 type] 
Type domain.Admin is not enhanced.

[2023-10-15 22:14:10 #13 type] 
Type domain.Langile is not enhanced.

[2023-10-15 22:14:10 #14 type] 
Type domain.Apostatu is not enhanced.

------------------------------------------------------------------------------------------------------------------------

[2023-10-15 22:16:10 #1 store] 
Database '/home/josu/git/Bets21/src/main/resources/bets.temp' has been recovered (tr. 467-475)

[2023-10-15 22:16:10 #2 store] 
Database '/home/josu/git/Bets21/src/main/resources/bets.temp' is opened by 77262@jabox

[2023-10-15 22:16:10 #3 store] 
Configuration path: /home/josu/git/Bets21/objectdb.conf

[2023-10-15 22:16:10 #4 type] 
Type domain.Erabiltzaile is not enhanced.

[2023-10-15 22:16:10 #5 type] 
Type domain.User is not enhanced.

[2023-10-15 22:16:10 #6 type] 
Type domain.Buzoia is not enhanced.

[2023-10-15 22:16:10 #7 type] 
Type domain.Mugimendua is not enhanced.

[2023-10-15 22:16:10 #8 type] 
Type domain.Mezua is not enhanced.

[2023-10-15 22:16:10 #9 type] 
Type domain.Question is not enhanced.

[2023-10-15 22:16:10 #10 type] 
Type domain.Event is not enhanced.

[2023-10-15 22:16:10 #11 type] 
Type domain.Quote is not enhanced.

[2023-10-15 22:16:10 #12 type] 
Type domain.Admin is not enhanced.

[2023-10-15 22:16:10 #13 type] 
Type domain.Langile is not enhanced.

[2023-10-15 22:16:10 #14 type] 
Type domain.Apostatu is not enhanced.

------------------------------------------------------------------------------------------------------------------------

[2023-10-15 22:16:20 #1 store] 
Database '/home/josu/git/Bets21/src/main/resources/bets.temp' has been recovered (tr. 476-484)

[2023-10-15 22:16:20 #2 store] 
Database '/home/josu/git/Bets21/src/main/resources/bets.temp' is opened by 77348@jabox

[2023-10-15 22:16:20 #3 store] 
Configuration path: /home/josu/git/Bets21/objectdb.conf

[2023-10-15 22:16:20 #4 type] 
Type domain.Erabiltzaile is not enhanced.

[2023-10-15 22:16:20 #5 type] 
Type domain.User is not enhanced.

[2023-10-15 22:16:20 #6 type] 
Type domain.Buzoia is not enhanced.

[2023-10-15 22:16:20 #7 type] 
Type domain.Mugimendua is not enhanced.

[2023-10-15 22:16:20 #8 type] 
Type domain.Mezua is not enhanced.

[2023-10-15 22:16:20 #9 type] 
Type domain.Question is not enhanced.

[2023-10-15 22:16:20 #10 type] 
Type domain.Event is not enhanced.

[2023-10-15 22:16:20 #11 type] 
Type domain.Quote is not enhanced.

[2023-10-15 22:16:20 #12 type] 
Type domain.Admin is not enhanced.

[2023-10-15 22:16:20 #13 type] 
Type domain.Langile is not enhanced.

[2023-10-15 22:16:20 #14 type] 
Type domain.Apostatu is not enhanced.

------------------------------------------------------------------------------------------------------------------------

[2023-10-15 22:21:03 #1 store] 
Database '/home/josu/git/Bets21/src/main/resources/bets.temp' has been recovered (tr. 485-493)

[2023-10-15 22:21:03 #2 store] 
Database '/home/josu/git/Bets21/src/main/resources/bets.temp' is opened by 79145@jabox

[2023-10-15 22:21:03 #3 store] 
Configuration path: /home/josu/git/Bets21/objectdb.conf

[2023-10-15 22:21:04 #4 type] 
Type domain.Erabiltzaile is not enhanced.

[2023-10-15 22:21:04 #5 type] 
Type domain.User is not enhanced.

[2023-10-15 22:21:04 #6 type] 
Type domain.Buzoia is not enhanced.

[2023-10-15 22:21:04 #7 type] 
Type domain.Mugimendua is not enhanced.

[2023-10-15 22:21:04 #8 type] 
Type domain.Mezua is not enhanced.

[2023-10-15 22:21:04 #9 type] 
Type domain.Question is not enhanced.

[2023-10-15 22:21:04 #10 type] 
Type domain.Event is not enhanced.

[2023-10-15 22:21:04 #11 type] 
Type domain.Quote is not enhanced.

[2023-10-15 22:21:04 #12 type] 
Type domain.Admin is not enhanced.

[2023-10-15 22:21:04 #13 type] 
Type domain.Langile is not enhanced.

[2023-10-15 22:21:04 #14 type] 
Type domain.Apostatu is not enhanced.

------------------------------------------------------------------------------------------------------------------------

[2023-10-15 22:24:25 #1 store] 
Database '/home/josu/git/Bets21/src/main/resources/bets.temp' has been recovered (tr. 494-503)

[2023-10-15 22:24:25 #2 store] 
Database '/home/josu/git/Bets21/src/main/resources/bets.temp' is opened by 80417@jabox

[2023-10-15 22:24:25 #3 store] 
Configuration path: /home/josu/git/Bets21/objectdb.conf

[2023-10-15 22:24:25 #4 type] 
Type domain.Erabiltzaile is not enhanced.

[2023-10-15 22:24:25 #5 type] 
Type domain.User is not enhanced.

[2023-10-15 22:24:25 #6 type] 
Type domain.Buzoia is not enhanced.

[2023-10-15 22:24:25 #7 type] 
Type domain.Mugimendua is not enhanced.

[2023-10-15 22:24:25 #8 type] 
Type domain.Mezua is not enhanced.

[2023-10-15 22:24:25 #9 type] 
Type domain.Question is not enhanced.

[2023-10-15 22:24:25 #10 type] 
Type domain.Event is not enhanced.

[2023-10-15 22:24:25 #11 type] 
Type domain.Quote is not enhanced.

[2023-10-15 22:24:25 #12 type] 
Type domain.Admin is not enhanced.

[2023-10-15 22:24:25 #13 type] 
Type domain.Langile is not enhanced.

[2023-10-15 22:24:25 #14 type] 
Type domain.Apostatu is not enhanced.

------------------------------------------------------------------------------------------------------------------------

[2023-10-15 22:25:00 #1 store] 
Database '/home/josu/git/Bets21/src/main/resources/bets.temp' has been recovered (tr. 504-514)

[2023-10-15 22:25:00 #2 store] 
Database '/home/josu/git/Bets21/src/main/resources/bets.temp' is opened by 80611@jabox

[2023-10-15 22:25:00 #3 store] 
Configuration path: /home/josu/git/Bets21/objectdb.conf

[2023-10-15 22:25:00 #4 type] 
Type domain.Erabiltzaile is not enhanced.

[2023-10-15 22:25:00 #5 type] 
Type domain.User is not enhanced.

[2023-10-15 22:25:00 #6 type] 
Type domain.Buzoia is not enhanced.

[2023-10-15 22:25:00 #7 type] 
Type domain.Mugimendua is not enhanced.

[2023-10-15 22:25:00 #8 type] 
Type domain.Mezua is not enhanced.

[2023-10-15 22:25:00 #9 type] 
Type domain.Question is not enhanced.

[2023-10-15 22:25:00 #10 type] 
Type domain.Event is not enhanced.

[2023-10-15 22:25:00 #11 type] 
Type domain.Quote is not enhanced.

[2023-10-15 22:25:00 #12 type] 
Type domain.Admin is not enhanced.

[2023-10-15 22:25:00 #13 type] 
Type domain.Langile is not enhanced.

[2023-10-15 22:25:00 #14 type] 
Type domain.Apostatu is not enhanced.

