------------------------------------------------------------------------------------------------------------------------

[2023-10-18 20:35:06 #1 store] 
Database '/home/josu/git/Bets21/src/main/resources/bets.temp' has been recovered (tr. 535-554)

[2023-10-18 20:35:06 #2 store] 
Database '/home/josu/git/Bets21/src/main/resources/bets.temp' is opened by 64005@jabox

[2023-10-18 20:35:06 #3 store] 
Configuration path: /home/josu/git/Bets21/objectdb.conf

[2023-10-18 20:35:06 #4 type] 
Type domain.Erabiltzaile is not enhanced.

[2023-10-18 20:35:06 #5 type] 
Type domain.User is not enhanced.

[2023-10-18 20:35:06 #6 type] 
Type domain.Buzoia is not enhanced.

[2023-10-18 20:35:06 #7 type] 
Type domain.Mugimendua is not enhanced.

[2023-10-18 20:35:06 #8 type] 
Type domain.Mezua is not enhanced.

[2023-10-18 20:35:06 #9 type] 
Type domain.Question is not enhanced.

[2023-10-18 20:35:06 #10 type] 
Type domain.Event is not enhanced.

[2023-10-18 20:35:06 #11 type] 
Type domain.Quote is not enhanced.

[2023-10-18 20:35:06 #12 type] 
Type domain.Admin is not enhanced.

[2023-10-18 20:35:06 #13 type] 
Type domain.Langile is not enhanced.

[2023-10-18 20:35:06 #14 type] 
Type domain.Apostatu is not enhanced.

------------------------------------------------------------------------------------------------------------------------

[2023-10-18 20:35:51 #1 store] 
Database '/home/josu/git/Bets21/src/main/resources/bets.temp' has been recovered (tr. 555-565)

[2023-10-18 20:35:52 #2 store] 
Database '/home/josu/git/Bets21/src/main/resources/bets.temp' is opened by 64255@jabox

[2023-10-18 20:35:52 #3 store] 
Configuration path: /home/josu/git/Bets21/objectdb.conf

[2023-10-18 20:35:52 #4 type] 
Type domain.Erabiltzaile is not enhanced.

[2023-10-18 20:35:52 #5 type] 
Type domain.User is not enhanced.

[2023-10-18 20:35:52 #6 type] 
Type domain.Buzoia is not enhanced.

[2023-10-18 20:35:52 #7 type] 
Type domain.Mugimendua is not enhanced.

[2023-10-18 20:35:52 #8 type] 
Type domain.Mezua is not enhanced.

[2023-10-18 20:35:52 #9 type] 
Type domain.Question is not enhanced.

[2023-10-18 20:35:52 #10 type] 
Type domain.Event is not enhanced.

[2023-10-18 20:35:52 #11 type] 
Type domain.Quote is not enhanced.

[2023-10-18 20:35:52 #12 type] 
Type domain.Admin is not enhanced.

[2023-10-18 20:35:52 #13 type] 
Type domain.Langile is not enhanced.

[2023-10-18 20:35:52 #14 type] 
Type domain.Apostatu is not enhanced.

------------------------------------------------------------------------------------------------------------------------

[2023-10-18 20:36:42 #1 store] 
Database '/home/josu/git/Bets21/src/main/resources/bets.temp' has been recovered (tr. 566-576)

[2023-10-18 20:36:42 #2 store] 
Database '/home/josu/git/Bets21/src/main/resources/bets.temp' is opened by 64563@jabox

[2023-10-18 20:36:42 #3 store] 
Configuration path: /home/josu/git/Bets21/objectdb.conf

[2023-10-18 20:36:42 #4 type] 
Type domain.Erabiltzaile is not enhanced.

[2023-10-18 20:36:42 #5 type] 
Type domain.User is not enhanced.

[2023-10-18 20:36:42 #6 type] 
Type domain.Buzoia is not enhanced.

[2023-10-18 20:36:43 #7 type] 
Type domain.Mugimendua is not enhanced.

[2023-10-18 20:36:43 #8 type] 
Type domain.Mezua is not enhanced.

[2023-10-18 20:36:43 #9 type] 
Type domain.Question is not enhanced.

[2023-10-18 20:36:43 #10 type] 
Type domain.Event is not enhanced.

[2023-10-18 20:36:43 #11 type] 
Type domain.Quote is not enhanced.

[2023-10-18 20:36:43 #12 type] 
Type domain.Admin is not enhanced.

[2023-10-18 20:36:43 #13 type] 
Type domain.Langile is not enhanced.

[2023-10-18 20:36:43 #14 type] 
Type domain.Apostatu is not enhanced.

------------------------------------------------------------------------------------------------------------------------

[2023-10-18 20:38:07 #1 store] 
Database '/home/josu/git/Bets21/src/main/resources/bets.temp' has been recovered (tr. 577-587)

[2023-10-18 20:38:07 #2 store] 
Database '/home/josu/git/Bets21/src/main/resources/bets.temp' is opened by 64983@jabox

[2023-10-18 20:38:07 #3 store] 
Configuration path: /home/josu/git/Bets21/objectdb.conf

[2023-10-18 20:38:08 #4 type] 
Type domain.Erabiltzaile is not enhanced.

[2023-10-18 20:38:08 #5 type] 
Type domain.User is not enhanced.

[2023-10-18 20:38:08 #6 type] 
Type domain.Buzoia is not enhanced.

[2023-10-18 20:38:08 #7 type] 
Type domain.Mugimendua is not enhanced.

[2023-10-18 20:38:08 #8 type] 
Type domain.Mezua is not enhanced.

[2023-10-18 20:38:08 #9 type] 
Type domain.Question is not enhanced.

[2023-10-18 20:38:08 #10 type] 
Type domain.Event is not enhanced.

[2023-10-18 20:38:08 #11 type] 
Type domain.Quote is not enhanced.

[2023-10-18 20:38:08 #12 type] 
Type domain.Admin is not enhanced.

[2023-10-18 20:38:08 #13 type] 
Type domain.Langile is not enhanced.

[2023-10-18 20:38:08 #14 type] 
Type domain.Apostatu is not enhanced.

------------------------------------------------------------------------------------------------------------------------

[2023-10-18 20:39:00 #1 store] 
Database '/home/josu/git/Bets21/src/main/resources/bets.temp' has been recovered (tr. 588-598)

[2023-10-18 20:39:00 #2 store] 
Database '/home/josu/git/Bets21/src/main/resources/bets.temp' is opened by 65281@jabox

[2023-10-18 20:39:00 #3 store] 
Configuration path: /home/josu/git/Bets21/objectdb.conf

[2023-10-18 20:39:00 #4 type] 
Type domain.Erabiltzaile is not enhanced.

[2023-10-18 20:39:00 #5 type] 
Type domain.User is not enhanced.

[2023-10-18 20:39:00 #6 type] 
Type domain.Buzoia is not enhanced.

[2023-10-18 20:39:00 #7 type] 
Type domain.Mugimendua is not enhanced.

[2023-10-18 20:39:00 #8 type] 
Type domain.Mezua is not enhanced.

[2023-10-18 20:39:00 #9 type] 
Type domain.Question is not enhanced.

[2023-10-18 20:39:00 #10 type] 
Type domain.Event is not enhanced.

[2023-10-18 20:39:00 #11 type] 
Type domain.Quote is not enhanced.

[2023-10-18 20:39:00 #12 type] 
Type domain.Admin is not enhanced.

[2023-10-18 20:39:00 #13 type] 
Type domain.Langile is not enhanced.

[2023-10-18 20:39:00 #14 type] 
Type domain.Apostatu is not enhanced.

------------------------------------------------------------------------------------------------------------------------

[2023-10-18 20:42:00 #1 store] 
Database '/home/josu/git/Bets21/src/main/resources/bets.temp' has been recovered (tr. 599-607)

[2023-10-18 20:42:01 #2 store] 
Database '/home/josu/git/Bets21/src/main/resources/bets.temp' is opened by 66152@jabox

[2023-10-18 20:42:01 #3 store] 
Configuration path: /home/josu/git/Bets21/objectdb.conf

[2023-10-18 20:42:01 #4 type] 
Type domain.Erabiltzaile is not enhanced.

[2023-10-18 20:42:01 #5 type] 
Type domain.User is not enhanced.

[2023-10-18 20:42:01 #6 type] 
Type domain.Buzoia is not enhanced.

[2023-10-18 20:42:01 #7 type] 
Type domain.Mugimendua is not enhanced.

[2023-10-18 20:42:01 #8 type] 
Type domain.Mezua is not enhanced.

[2023-10-18 20:42:01 #9 type] 
Type domain.Question is not enhanced.

[2023-10-18 20:42:01 #10 type] 
Type domain.Event is not enhanced.

[2023-10-18 20:42:01 #11 type] 
Type domain.Quote is not enhanced.

[2023-10-18 20:42:01 #12 type] 
Type domain.Admin is not enhanced.

[2023-10-18 20:42:01 #13 type] 
Type domain.Langile is not enhanced.

[2023-10-18 20:42:01 #14 type] 
Type domain.Apostatu is not enhanced.

