------------------------------------------------------------------------------------------------------------------------

[2023-11-11 19:28:45 #1 store] 
Database '/home/josu/git/Bets21/src/main/resources/bets.temp' has been recovered (tr. 608-618)

[2023-11-11 19:28:45 #2 store] 
Database '/home/josu/git/Bets21/src/main/resources/bets.temp' is opened by 369995@jabox

[2023-11-11 19:28:45 #3 store] 
Configuration path: /home/josu/git/Bets21/objectdb.conf

[2023-11-11 19:28:46 #4 type] 
Type domain.Erabiltzaile is not enhanced.

[2023-11-11 19:28:46 #5 type] 
Type domain.User is not enhanced.

[2023-11-11 19:28:46 #6 type] 
Type domain.Buzoia is not enhanced.

[2023-11-11 19:28:46 #7 type] 
Type domain.Mugimendua is not enhanced.

[2023-11-11 19:28:46 #8 type] 
Type domain.Mezua is not enhanced.

[2023-11-11 19:28:46 #9 type] 
Type domain.Question is not enhanced.

[2023-11-11 19:28:46 #10 type] 
Type domain.Event is not enhanced.

[2023-11-11 19:28:46 #11 type] 
Type domain.Quote is not enhanced.

[2023-11-11 19:28:46 #12 type] 
Type domain.Admin is not enhanced.

[2023-11-11 19:28:46 #13 type] 
Type domain.Langile is not enhanced.

[2023-11-11 19:28:46 #14 type] 
Type domain.Apostatu is not enhanced.

------------------------------------------------------------------------------------------------------------------------

[2023-11-11 19:31:00 #1 store] 
Database '/home/josu/git/Bets21/src/main/resources/bets.temp' is opened by 370582@jabox

[2023-11-11 19:31:00 #2 store] 
Configuration path: /home/josu/git/Bets21/objectdb.conf

[2023-11-11 19:31:00 #3 type] 
Type domain.Erabiltzaile is not enhanced.

[2023-11-11 19:31:00 #4 type] 
Type domain.User is not enhanced.

[2023-11-11 19:31:00 #5 type] 
Type domain.Buzoia is not enhanced.

[2023-11-11 19:31:00 #6 type] 
Type domain.Mugimendua is not enhanced.

[2023-11-11 19:31:01 #7 type] 
Type domain.Mezua is not enhanced.

[2023-11-11 19:31:01 #8 type] 
Type domain.Question is not enhanced.

[2023-11-11 19:31:01 #9 type] 
Type domain.Event is not enhanced.

[2023-11-11 19:31:01 #10 type] 
Type domain.Quote is not enhanced.

[2023-11-11 19:31:01 #11 type] 
Type domain.Admin is not enhanced.

[2023-11-11 19:31:01 #12 type] 
Type domain.Langile is not enhanced.

[2023-11-11 19:31:01 #13 type] 
Type domain.Apostatu is not enhanced.

------------------------------------------------------------------------------------------------------------------------

[2023-11-11 19:32:29 #1 store] 
Database '/home/josu/git/Bets21/src/main/resources/bets.temp' is opened by 370856@jabox

[2023-11-11 19:32:29 #2 store] 
Configuration path: /home/josu/git/Bets21/objectdb.conf

[2023-11-11 19:32:29 #3 type] 
Type domain.Erabiltzaile is not enhanced.

[2023-11-11 19:32:29 #4 type] 
Type domain.User is not enhanced.

[2023-11-11 19:32:29 #5 type] 
Type domain.Buzoia is not enhanced.

[2023-11-11 19:32:29 #6 type] 
Type domain.Mugimendua is not enhanced.

[2023-11-11 19:32:29 #7 type] 
Type domain.Mezua is not enhanced.

[2023-11-11 19:32:29 #8 type] 
Type domain.Question is not enhanced.

[2023-11-11 19:32:29 #9 type] 
Type domain.Event is not enhanced.

[2023-11-11 19:32:29 #10 type] 
Type domain.Quote is not enhanced.

[2023-11-11 19:32:29 #11 type] 
Type domain.Admin is not enhanced.

[2023-11-11 19:32:29 #12 type] 
Type domain.Langile is not enhanced.

[2023-11-11 19:32:29 #13 type] 
Type domain.Apostatu is not enhanced.

