------------------------------------------------------------------------------------------------------------------------

[2023-11-12 01:35:50 #1 store] 
Database '/home/josu/git/Bets21/src/main/resources/bets.temp' is opened by 468328@jabox

[2023-11-12 01:35:50 #2 store] 
Configuration path: /home/josu/git/Bets21/objectdb.conf

[2023-11-12 01:35:50 #3 type] 
Type domain.Erabiltzaile is not enhanced.

[2023-11-12 01:35:50 #4 type] 
Type domain.User is not enhanced.

[2023-11-12 01:35:50 #5 type] 
Type domain.Buzoia is not enhanced.

[2023-11-12 01:35:50 #6 type] 
Type domain.Mugimendua is not enhanced.

[2023-11-12 01:35:50 #7 type] 
Type domain.Mezua is not enhanced.

[2023-11-12 01:35:50 #8 type] 
Type domain.Question is not enhanced.

[2023-11-12 01:35:50 #9 type] 
Type domain.Event is not enhanced.

[2023-11-12 01:35:50 #10 type] 
Type domain.Quote is not enhanced.

[2023-11-12 01:35:50 #11 type] 
Type domain.Admin is not enhanced.

[2023-11-12 01:35:50 #12 type] 
Type domain.Langile is not enhanced.

[2023-11-12 01:35:50 #13 type] 
Type domain.Apostatu is not enhanced.

------------------------------------------------------------------------------------------------------------------------

[2023-11-12 01:39:24 #1 store] 
Database '/home/josu/git/Bets21/src/main/resources/bets.temp' is opened by 469510@jabox

[2023-11-12 01:39:24 #2 store] 
Configuration path: /home/josu/git/Bets21/objectdb.conf

[2023-11-12 01:39:24 #3 type] 
Type domain.Erabiltzaile is not enhanced.

[2023-11-12 01:39:24 #4 type] 
Type domain.User is not enhanced.

[2023-11-12 01:39:24 #5 type] 
Type domain.Buzoia is not enhanced.

[2023-11-12 01:39:24 #6 type] 
Type domain.Mugimendua is not enhanced.

[2023-11-12 01:39:24 #7 type] 
Type domain.Mezua is not enhanced.

[2023-11-12 01:39:24 #8 type] 
Type domain.Question is not enhanced.

[2023-11-12 01:39:24 #9 type] 
Type domain.Event is not enhanced.

[2023-11-12 01:39:24 #10 type] 
Type domain.Quote is not enhanced.

[2023-11-12 01:39:24 #11 type] 
Type domain.Admin is not enhanced.

[2023-11-12 01:39:24 #12 type] 
Type domain.Langile is not enhanced.

[2023-11-12 01:39:24 #13 type] 
Type domain.Apostatu is not enhanced.

------------------------------------------------------------------------------------------------------------------------

[2023-11-12 01:41:32 #1 store] 
Database '/home/josu/git/Bets21/src/main/resources/bets.temp' is opened by 470233@jabox

[2023-11-12 01:41:32 #2 store] 
Configuration path: /home/josu/git/Bets21/objectdb.conf

[2023-11-12 01:41:32 #3 type] 
Type domain.Erabiltzaile is not enhanced.

[2023-11-12 01:41:32 #4 type] 
Type domain.User is not enhanced.

[2023-11-12 01:41:33 #5 type] 
Type domain.Buzoia is not enhanced.

[2023-11-12 01:41:33 #6 type] 
Type domain.Mugimendua is not enhanced.

[2023-11-12 01:41:33 #7 type] 
Type domain.Mezua is not enhanced.

[2023-11-12 01:41:33 #8 type] 
Type domain.Question is not enhanced.

[2023-11-12 01:41:33 #9 type] 
Type domain.Event is not enhanced.

[2023-11-12 01:41:33 #10 type] 
Type domain.Quote is not enhanced.

[2023-11-12 01:41:33 #11 type] 
Type domain.Admin is not enhanced.

[2023-11-12 01:41:33 #12 type] 
Type domain.Langile is not enhanced.

[2023-11-12 01:41:33 #13 type] 
Type domain.Apostatu is not enhanced.

------------------------------------------------------------------------------------------------------------------------

[2023-11-12 02:24:21 #1 store] 
Database '/home/josu/git/Bets21/src/main/resources/bets.temp' is opened by 483631@jabox

[2023-11-12 02:24:21 #2 store] 
Configuration path: /home/josu/git/Bets21/objectdb.conf

[2023-11-12 02:24:21 #3 type] 
Type domain.Erabiltzaile is not enhanced.

[2023-11-12 02:24:21 #4 type] 
Type domain.User is not enhanced.

[2023-11-12 02:24:21 #5 type] 
Type domain.Buzoia is not enhanced.

[2023-11-12 02:24:21 #6 type] 
Type domain.Mugimendua is not enhanced.

[2023-11-12 02:24:21 #7 type] 
Type domain.Mezua is not enhanced.

[2023-11-12 02:24:21 #8 type] 
Type domain.Question is not enhanced.

[2023-11-12 02:24:21 #9 type] 
Type domain.Event is not enhanced.

[2023-11-12 02:24:21 #10 type] 
Type domain.Quote is not enhanced.

[2023-11-12 02:24:21 #11 type] 
Type domain.Admin is not enhanced.

[2023-11-12 02:24:21 #12 type] 
Type domain.Langile is not enhanced.

[2023-11-12 02:24:21 #13 type] 
Type domain.Apostatu is not enhanced.

------------------------------------------------------------------------------------------------------------------------

[2023-11-12 02:29:32 #1 store] 
Database '/home/josu/git/Bets21/src/main/resources/bets.temp' is opened by 485431@jabox

[2023-11-12 02:29:32 #2 store] 
Configuration path: /home/josu/git/Bets21/objectdb.conf

[2023-11-12 02:29:32 #3 type] 
Type domain.Erabiltzaile is not enhanced.

[2023-11-12 02:29:33 #4 type] 
Type domain.User is not enhanced.

[2023-11-12 02:29:33 #5 type] 
Type domain.Buzoia is not enhanced.

[2023-11-12 02:29:33 #6 type] 
Type domain.Mugimendua is not enhanced.

[2023-11-12 02:29:33 #7 type] 
Type domain.Mezua is not enhanced.

[2023-11-12 02:29:33 #8 type] 
Type domain.Question is not enhanced.

[2023-11-12 02:29:33 #9 type] 
Type domain.Event is not enhanced.

[2023-11-12 02:29:33 #10 type] 
Type domain.Quote is not enhanced.

[2023-11-12 02:29:33 #11 type] 
Type domain.Admin is not enhanced.

[2023-11-12 02:29:33 #12 type] 
Type domain.Langile is not enhanced.

[2023-11-12 02:29:33 #13 type] 
Type domain.Apostatu is not enhanced.

------------------------------------------------------------------------------------------------------------------------

[2023-11-12 03:14:01 #1 store] 
Database '/home/josu/git/Bets21/src/main/resources/bets.temp' is opened by 500381@jabox

[2023-11-12 03:14:01 #2 store] 
Configuration path: /home/josu/git/Bets21/objectdb.conf

[2023-11-12 03:14:01 #3 type] 
Type domain.Erabiltzaile is not enhanced.

[2023-11-12 03:14:01 #4 type] 
Type domain.User is not enhanced.

[2023-11-12 03:14:01 #5 type] 
Type domain.Buzoia is not enhanced.

[2023-11-12 03:14:01 #6 type] 
Type domain.Mugimendua is not enhanced.

[2023-11-12 03:14:01 #7 type] 
Type domain.Mezua is not enhanced.

[2023-11-12 03:14:01 #8 type] 
Type domain.Question is not enhanced.

[2023-11-12 03:14:01 #9 type] 
Type domain.Event is not enhanced.

[2023-11-12 03:14:01 #10 type] 
Type domain.Quote is not enhanced.

[2023-11-12 03:14:01 #11 type] 
Type domain.Admin is not enhanced.

[2023-11-12 03:14:01 #12 type] 
Type domain.Langile is not enhanced.

[2023-11-12 03:14:01 #13 type] 
Type domain.Apostatu is not enhanced.

------------------------------------------------------------------------------------------------------------------------

[2023-11-12 03:17:15 #1 store] 
Database '/home/josu/git/Bets21/src/main/resources/bets.temp' is opened by 501504@jabox

[2023-11-12 03:17:15 #2 store] 
Configuration path: /home/josu/git/Bets21/objectdb.conf

[2023-11-12 03:17:15 #3 type] 
Type domain.Erabiltzaile is not enhanced.

[2023-11-12 03:17:15 #4 type] 
Type domain.User is not enhanced.

[2023-11-12 03:17:15 #5 type] 
Type domain.Buzoia is not enhanced.

[2023-11-12 03:17:15 #6 type] 
Type domain.Mugimendua is not enhanced.

[2023-11-12 03:17:15 #7 type] 
Type domain.Mezua is not enhanced.

[2023-11-12 03:17:15 #8 type] 
Type domain.Question is not enhanced.

[2023-11-12 03:17:15 #9 type] 
Type domain.Event is not enhanced.

[2023-11-12 03:17:15 #10 type] 
Type domain.Quote is not enhanced.

[2023-11-12 03:17:15 #11 type] 
Type domain.Admin is not enhanced.

[2023-11-12 03:17:15 #12 type] 
Type domain.Langile is not enhanced.

[2023-11-12 03:17:15 #13 type] 
Type domain.Apostatu is not enhanced.

------------------------------------------------------------------------------------------------------------------------

[2023-11-12 03:21:56 #1 store] 
Database '/home/josu/git/Bets21/src/main/resources/bets.temp' is opened by 503198@jabox

[2023-11-12 03:21:56 #2 store] 
Configuration path: /home/josu/git/Bets21/objectdb.conf

[2023-11-12 03:21:56 #3 type] 
Type domain.Erabiltzaile is not enhanced.

[2023-11-12 03:21:56 #4 type] 
Type domain.User is not enhanced.

[2023-11-12 03:21:56 #5 type] 
Type domain.Buzoia is not enhanced.

[2023-11-12 03:21:56 #6 type] 
Type domain.Mugimendua is not enhanced.

[2023-11-12 03:21:56 #7 type] 
Type domain.Mezua is not enhanced.

[2023-11-12 03:21:57 #8 type] 
Type domain.Question is not enhanced.

[2023-11-12 03:21:57 #9 type] 
Type domain.Event is not enhanced.

[2023-11-12 03:21:57 #10 type] 
Type domain.Quote is not enhanced.

[2023-11-12 03:21:57 #11 type] 
Type domain.Admin is not enhanced.

[2023-11-12 03:21:57 #12 type] 
Type domain.Langile is not enhanced.

[2023-11-12 03:21:57 #13 type] 
Type domain.Apostatu is not enhanced.

------------------------------------------------------------------------------------------------------------------------

[2023-11-12 03:29:11 #1 store] 
Database '/home/josu/git/Bets21/src/main/resources/bets.temp' is opened by 505894@jabox

[2023-11-12 03:29:11 #2 store] 
Configuration path: /home/josu/git/Bets21/objectdb.conf

[2023-11-12 03:29:11 #3 type] 
Type domain.Erabiltzaile is not enhanced.

[2023-11-12 03:29:11 #4 type] 
Type domain.User is not enhanced.

[2023-11-12 03:29:11 #5 type] 
Type domain.Buzoia is not enhanced.

[2023-11-12 03:29:11 #6 type] 
Type domain.Mugimendua is not enhanced.

[2023-11-12 03:29:11 #7 type] 
Type domain.Mezua is not enhanced.

[2023-11-12 03:29:11 #8 type] 
Type domain.Question is not enhanced.

[2023-11-12 03:29:11 #9 type] 
Type domain.Event is not enhanced.

[2023-11-12 03:29:11 #10 type] 
Type domain.Quote is not enhanced.

[2023-11-12 03:29:11 #11 type] 
Type domain.Admin is not enhanced.

[2023-11-12 03:29:11 #12 type] 
Type domain.Langile is not enhanced.

[2023-11-12 03:29:11 #13 type] 
Type domain.Apostatu is not enhanced.

------------------------------------------------------------------------------------------------------------------------

[2023-11-12 03:30:38 #1 store] 
Database '/home/josu/git/Bets21/src/main/resources/bets.temp' is opened by 506368@jabox

[2023-11-12 03:30:38 #2 store] 
Configuration path: /home/josu/git/Bets21/objectdb.conf

[2023-11-12 03:30:38 #3 type] 
Type domain.Erabiltzaile is not enhanced.

[2023-11-12 03:30:38 #4 type] 
Type domain.User is not enhanced.

[2023-11-12 03:30:38 #5 type] 
Type domain.Buzoia is not enhanced.

[2023-11-12 03:30:38 #6 type] 
Type domain.Mugimendua is not enhanced.

[2023-11-12 03:30:38 #7 type] 
Type domain.Mezua is not enhanced.

[2023-11-12 03:30:38 #8 type] 
Type domain.Question is not enhanced.

[2023-11-12 03:30:38 #9 type] 
Type domain.Event is not enhanced.

[2023-11-12 03:30:38 #10 type] 
Type domain.Quote is not enhanced.

[2023-11-12 03:30:38 #11 type] 
Type domain.Admin is not enhanced.

[2023-11-12 03:30:38 #12 type] 
Type domain.Langile is not enhanced.

[2023-11-12 03:30:38 #13 type] 
Type domain.Apostatu is not enhanced.

------------------------------------------------------------------------------------------------------------------------

[2023-11-12 03:31:49 #1 store] 
Database '/home/josu/git/Bets21/src/main/resources/bets.temp' is opened by 506772@jabox

[2023-11-12 03:31:49 #2 store] 
Configuration path: /home/josu/git/Bets21/objectdb.conf

[2023-11-12 03:31:50 #3 type] 
Type domain.Erabiltzaile is not enhanced.

[2023-11-12 03:31:50 #4 type] 
Type domain.User is not enhanced.

[2023-11-12 03:31:50 #5 type] 
Type domain.Buzoia is not enhanced.

[2023-11-12 03:31:50 #6 type] 
Type domain.Mugimendua is not enhanced.

[2023-11-12 03:31:50 #7 type] 
Type domain.Mezua is not enhanced.

[2023-11-12 03:31:50 #8 type] 
Type domain.Question is not enhanced.

[2023-11-12 03:31:50 #9 type] 
Type domain.Event is not enhanced.

[2023-11-12 03:31:50 #10 type] 
Type domain.Quote is not enhanced.

[2023-11-12 03:31:50 #11 type] 
Type domain.Admin is not enhanced.

[2023-11-12 03:31:50 #12 type] 
Type domain.Langile is not enhanced.

[2023-11-12 03:31:50 #13 type] 
Type domain.Apostatu is not enhanced.

------------------------------------------------------------------------------------------------------------------------

[2023-11-12 03:32:37 #1 store] 
Database '/home/josu/git/Bets21/src/main/resources/bets.temp' is opened by 507084@jabox

[2023-11-12 03:32:37 #2 store] 
Configuration path: /home/josu/git/Bets21/objectdb.conf

[2023-11-12 03:32:38 #3 type] 
Type domain.Erabiltzaile is not enhanced.

[2023-11-12 03:32:38 #4 type] 
Type domain.User is not enhanced.

[2023-11-12 03:32:38 #5 type] 
Type domain.Buzoia is not enhanced.

[2023-11-12 03:32:38 #6 type] 
Type domain.Mugimendua is not enhanced.

[2023-11-12 03:32:38 #7 type] 
Type domain.Mezua is not enhanced.

[2023-11-12 03:32:38 #8 type] 
Type domain.Question is not enhanced.

[2023-11-12 03:32:38 #9 type] 
Type domain.Event is not enhanced.

[2023-11-12 03:32:38 #10 type] 
Type domain.Quote is not enhanced.

[2023-11-12 03:32:38 #11 type] 
Type domain.Admin is not enhanced.

[2023-11-12 03:32:38 #12 type] 
Type domain.Langile is not enhanced.

[2023-11-12 03:32:38 #13 type] 
Type domain.Apostatu is not enhanced.

------------------------------------------------------------------------------------------------------------------------

[2023-11-12 03:55:02 #1 store] 
Database '/home/josu/git/Bets21/src/main/resources/bets.temp' is opened by 8518@jabox

[2023-11-12 03:55:02 #2 store] 
Configuration path: /home/josu/git/Bets21/objectdb.conf

[2023-11-12 03:55:02 #3 type] 
Type domain.Erabiltzaile is not enhanced.

[2023-11-12 03:55:02 #4 type] 
Type domain.User is not enhanced.

[2023-11-12 03:55:02 #5 type] 
Type domain.Buzoia is not enhanced.

[2023-11-12 03:55:02 #6 type] 
Type domain.Mugimendua is not enhanced.

[2023-11-12 03:55:02 #7 type] 
Type domain.Mezua is not enhanced.

[2023-11-12 03:55:02 #8 type] 
Type domain.Question is not enhanced.

[2023-11-12 03:55:02 #9 type] 
Type domain.Event is not enhanced.

[2023-11-12 03:55:02 #10 type] 
Type domain.Quote is not enhanced.

[2023-11-12 03:55:02 #11 type] 
Type domain.Admin is not enhanced.

[2023-11-12 03:55:02 #12 type] 
Type domain.Langile is not enhanced.

[2023-11-12 03:55:02 #13 type] 
Type domain.Apostatu is not enhanced.

------------------------------------------------------------------------------------------------------------------------

[2023-11-12 03:56:18 #1 store] 
Database '/home/josu/git/Bets21/src/main/resources/bets.temp' is opened by 8918@jabox

[2023-11-12 03:56:18 #2 store] 
Configuration path: /home/josu/git/Bets21/objectdb.conf

[2023-11-12 03:56:18 #3 type] 
Type domain.Erabiltzaile is not enhanced.

[2023-11-12 03:56:18 #4 type] 
Type domain.User is not enhanced.

[2023-11-12 03:56:18 #5 type] 
Type domain.Buzoia is not enhanced.

[2023-11-12 03:56:18 #6 type] 
Type domain.Mugimendua is not enhanced.

[2023-11-12 03:56:18 #7 type] 
Type domain.Mezua is not enhanced.

[2023-11-12 03:56:18 #8 type] 
Type domain.Question is not enhanced.

[2023-11-12 03:56:18 #9 type] 
Type domain.Event is not enhanced.

[2023-11-12 03:56:18 #10 type] 
Type domain.Quote is not enhanced.

[2023-11-12 03:56:18 #11 type] 
Type domain.Admin is not enhanced.

[2023-11-12 03:56:18 #12 type] 
Type domain.Langile is not enhanced.

[2023-11-12 03:56:18 #13 type] 
Type domain.Apostatu is not enhanced.

------------------------------------------------------------------------------------------------------------------------

[2023-11-12 03:58:36 #1 store] 
Database '/home/josu/git/Bets21/src/main/resources/bets.temp' is opened by 9723@jabox

[2023-11-12 03:58:36 #2 store] 
Configuration path: /home/josu/git/Bets21/objectdb.conf

[2023-11-12 03:58:37 #3 type] 
Type domain.Erabiltzaile is not enhanced.

[2023-11-12 03:58:37 #4 type] 
Type domain.User is not enhanced.

[2023-11-12 03:58:37 #5 type] 
Type domain.Buzoia is not enhanced.

[2023-11-12 03:58:37 #6 type] 
Type domain.Mugimendua is not enhanced.

[2023-11-12 03:58:37 #7 type] 
Type domain.Mezua is not enhanced.

[2023-11-12 03:58:37 #8 type] 
Type domain.Question is not enhanced.

[2023-11-12 03:58:37 #9 type] 
Type domain.Event is not enhanced.

[2023-11-12 03:58:37 #10 type] 
Type domain.Quote is not enhanced.

[2023-11-12 03:58:37 #11 type] 
Type domain.Admin is not enhanced.

[2023-11-12 03:58:37 #12 type] 
Type domain.Langile is not enhanced.

[2023-11-12 03:58:37 #13 type] 
Type domain.Apostatu is not enhanced.

------------------------------------------------------------------------------------------------------------------------

[2023-11-12 04:00:16 #1 store] 
Database '/home/josu/git/Bets21/src/main/resources/bets.temp' is opened by 10329@jabox

[2023-11-12 04:00:16 #2 store] 
Configuration path: /home/josu/git/Bets21/objectdb.conf

[2023-11-12 04:00:17 #3 type] 
Type domain.Erabiltzaile is not enhanced.

[2023-11-12 04:00:17 #4 type] 
Type domain.User is not enhanced.

[2023-11-12 04:00:17 #5 type] 
Type domain.Buzoia is not enhanced.

[2023-11-12 04:00:17 #6 type] 
Type domain.Mugimendua is not enhanced.

[2023-11-12 04:00:17 #7 type] 
Type domain.Mezua is not enhanced.

[2023-11-12 04:00:17 #8 type] 
Type domain.Question is not enhanced.

[2023-11-12 04:00:17 #9 type] 
Type domain.Event is not enhanced.

[2023-11-12 04:00:17 #10 type] 
Type domain.Quote is not enhanced.

[2023-11-12 04:00:17 #11 type] 
Type domain.Admin is not enhanced.

[2023-11-12 04:00:17 #12 type] 
Type domain.Langile is not enhanced.

[2023-11-12 04:00:17 #13 type] 
Type domain.Apostatu is not enhanced.

------------------------------------------------------------------------------------------------------------------------

[2023-11-12 04:00:58 #1 store] 
Database '/home/josu/git/Bets21/src/main/resources/bets.temp' is opened by 10576@jabox

[2023-11-12 04:00:58 #2 store] 
Configuration path: /home/josu/git/Bets21/objectdb.conf

[2023-11-12 04:00:58 #3 type] 
Type domain.Erabiltzaile is not enhanced.

[2023-11-12 04:00:58 #4 type] 
Type domain.User is not enhanced.

[2023-11-12 04:00:58 #5 type] 
Type domain.Buzoia is not enhanced.

[2023-11-12 04:00:58 #6 type] 
Type domain.Mugimendua is not enhanced.

[2023-11-12 04:00:58 #7 type] 
Type domain.Mezua is not enhanced.

[2023-11-12 04:00:58 #8 type] 
Type domain.Question is not enhanced.

[2023-11-12 04:00:58 #9 type] 
Type domain.Event is not enhanced.

[2023-11-12 04:00:58 #10 type] 
Type domain.Quote is not enhanced.

[2023-11-12 04:00:58 #11 type] 
Type domain.Admin is not enhanced.

[2023-11-12 04:00:58 #12 type] 
Type domain.Langile is not enhanced.

[2023-11-12 04:00:58 #13 type] 
Type domain.Apostatu is not enhanced.

------------------------------------------------------------------------------------------------------------------------

[2023-11-12 04:03:17 #1 store] 
Database '/home/josu/git/Bets21/src/main/resources/bets.temp' is opened by 11346@jabox

[2023-11-12 04:03:17 #2 store] 
Configuration path: /home/josu/git/Bets21/objectdb.conf

[2023-11-12 04:03:17 #3 type] 
Type domain.Erabiltzaile is not enhanced.

[2023-11-12 04:03:17 #4 type] 
Type domain.User is not enhanced.

[2023-11-12 04:03:17 #5 type] 
Type domain.Buzoia is not enhanced.

[2023-11-12 04:03:17 #6 type] 
Type domain.Mugimendua is not enhanced.

[2023-11-12 04:03:17 #7 type] 
Type domain.Mezua is not enhanced.

[2023-11-12 04:03:17 #8 type] 
Type domain.Question is not enhanced.

[2023-11-12 04:03:17 #9 type] 
Type domain.Event is not enhanced.

[2023-11-12 04:03:17 #10 type] 
Type domain.Quote is not enhanced.

[2023-11-12 04:03:17 #11 type] 
Type domain.Admin is not enhanced.

[2023-11-12 04:03:17 #12 type] 
Type domain.Langile is not enhanced.

[2023-11-12 04:03:17 #13 type] 
Type domain.Apostatu is not enhanced.

------------------------------------------------------------------------------------------------------------------------

[2023-11-12 04:09:39 #1 store] 
Database '/home/josu/git/Bets21/src/main/resources/bets.temp' has been recovered (tr. 619-619)

[2023-11-12 04:09:39 #2 store] 
Database '/home/josu/git/Bets21/src/main/resources/bets.temp' is opened by 13323@jabox

[2023-11-12 04:09:39 #3 store] 
Configuration path: /home/josu/git/Bets21/objectdb.conf

[2023-11-12 04:09:40 #4 type] 
Type domain.Erabiltzaile is not enhanced.

[2023-11-12 04:09:40 #5 type] 
Type domain.User is not enhanced.

[2023-11-12 04:09:40 #6 type] 
Type domain.Buzoia is not enhanced.

[2023-11-12 04:09:40 #7 type] 
Type domain.Mugimendua is not enhanced.

[2023-11-12 04:09:40 #8 type] 
Type domain.Mezua is not enhanced.

[2023-11-12 04:09:40 #9 type] 
Type domain.Question is not enhanced.

[2023-11-12 04:09:40 #10 type] 
Type domain.Event is not enhanced.

[2023-11-12 04:09:40 #11 type] 
Type domain.Quote is not enhanced.

[2023-11-12 04:09:40 #12 type] 
Type domain.Admin is not enhanced.

[2023-11-12 04:09:40 #13 type] 
Type domain.Langile is not enhanced.

[2023-11-12 04:09:40 #14 type] 
Type domain.Apostatu is not enhanced.

------------------------------------------------------------------------------------------------------------------------

[2023-11-12 04:12:34 #1 store] 
Database '/home/josu/git/Bets21/src/main/resources/bets.temp' is opened by 14467@jabox

[2023-11-12 04:12:34 #2 store] 
Configuration path: /home/josu/git/Bets21/objectdb.conf

[2023-11-12 04:12:34 #3 type] 
Type domain.Erabiltzaile is not enhanced.

[2023-11-12 04:12:34 #4 type] 
Type domain.User is not enhanced.

[2023-11-12 04:12:34 #5 type] 
Type domain.Buzoia is not enhanced.

[2023-11-12 04:12:35 #6 type] 
Type domain.Mugimendua is not enhanced.

[2023-11-12 04:12:35 #7 type] 
Type domain.Mezua is not enhanced.

[2023-11-12 04:12:35 #8 type] 
Type domain.Question is not enhanced.

[2023-11-12 04:12:35 #9 type] 
Type domain.Event is not enhanced.

[2023-11-12 04:12:35 #10 type] 
Type domain.Quote is not enhanced.

[2023-11-12 04:12:35 #11 type] 
Type domain.Admin is not enhanced.

[2023-11-12 04:12:35 #12 type] 
Type domain.Langile is not enhanced.

[2023-11-12 04:12:35 #13 type] 
Type domain.Apostatu is not enhanced.

------------------------------------------------------------------------------------------------------------------------

[2023-11-12 04:18:26 #1 store] 
Database '/home/josu/git/Bets21/src/main/resources/bets.temp' is opened by 16716@jabox

[2023-11-12 04:18:26 #2 store] 
Configuration path: /home/josu/git/Bets21/objectdb.conf

[2023-11-12 04:18:26 #3 type] 
Type domain.Erabiltzaile is not enhanced.

[2023-11-12 04:18:26 #4 type] 
Type domain.User is not enhanced.

[2023-11-12 04:18:26 #5 type] 
Type domain.Buzoia is not enhanced.

[2023-11-12 04:18:26 #6 type] 
Type domain.Mugimendua is not enhanced.

[2023-11-12 04:18:26 #7 type] 
Type domain.Mezua is not enhanced.

[2023-11-12 04:18:26 #8 type] 
Type domain.Question is not enhanced.

[2023-11-12 04:18:26 #9 type] 
Type domain.Event is not enhanced.

[2023-11-12 04:18:26 #10 type] 
Type domain.Quote is not enhanced.

[2023-11-12 04:18:26 #11 type] 
Type domain.Admin is not enhanced.

[2023-11-12 04:18:26 #12 type] 
Type domain.Langile is not enhanced.

[2023-11-12 04:18:26 #13 type] 
Type domain.Apostatu is not enhanced.

------------------------------------------------------------------------------------------------------------------------

[2023-11-12 04:19:38 #1 store] 
Database '/home/josu/git/Bets21/src/main/resources/bets.temp' is opened by 17109@jabox

[2023-11-12 04:19:38 #2 store] 
Configuration path: /home/josu/git/Bets21/objectdb.conf

[2023-11-12 04:19:38 #3 type] 
Type domain.Erabiltzaile is not enhanced.

[2023-11-12 04:19:38 #4 type] 
Type domain.User is not enhanced.

[2023-11-12 04:19:38 #5 type] 
Type domain.Buzoia is not enhanced.

[2023-11-12 04:19:38 #6 type] 
Type domain.Mugimendua is not enhanced.

[2023-11-12 04:19:38 #7 type] 
Type domain.Mezua is not enhanced.

[2023-11-12 04:19:38 #8 type] 
Type domain.Question is not enhanced.

[2023-11-12 04:19:38 #9 type] 
Type domain.Event is not enhanced.

[2023-11-12 04:19:38 #10 type] 
Type domain.Quote is not enhanced.

[2023-11-12 04:19:38 #11 type] 
Type domain.Admin is not enhanced.

[2023-11-12 04:19:38 #12 type] 
Type domain.Langile is not enhanced.

[2023-11-12 04:19:38 #13 type] 
Type domain.Apostatu is not enhanced.

------------------------------------------------------------------------------------------------------------------------

[2023-11-12 04:21:44 #1 store] 
Database '/home/josu/git/Bets21/src/main/resources/bets.temp' is opened by 17855@jabox

[2023-11-12 04:21:44 #2 store] 
Configuration path: /home/josu/git/Bets21/objectdb.conf

[2023-11-12 04:21:45 #3 type] 
Type domain.Erabiltzaile is not enhanced.

[2023-11-12 04:21:45 #4 type] 
Type domain.User is not enhanced.

[2023-11-12 04:21:45 #5 type] 
Type domain.Buzoia is not enhanced.

[2023-11-12 04:21:45 #6 type] 
Type domain.Mugimendua is not enhanced.

[2023-11-12 04:21:45 #7 type] 
Type domain.Mezua is not enhanced.

[2023-11-12 04:21:45 #8 type] 
Type domain.Question is not enhanced.

[2023-11-12 04:21:45 #9 type] 
Type domain.Event is not enhanced.

[2023-11-12 04:21:45 #10 type] 
Type domain.Quote is not enhanced.

[2023-11-12 04:21:45 #11 type] 
Type domain.Admin is not enhanced.

[2023-11-12 04:21:45 #12 type] 
Type domain.Langile is not enhanced.

[2023-11-12 04:21:45 #13 type] 
Type domain.Apostatu is not enhanced.

------------------------------------------------------------------------------------------------------------------------

[2023-11-12 04:24:35 #1 store] 
Database '/home/josu/git/Bets21/src/main/resources/bets.temp' is opened by 18934@jabox

[2023-11-12 04:24:35 #2 store] 
Configuration path: /home/josu/git/Bets21/objectdb.conf

[2023-11-12 04:24:35 #3 type] 
Type domain.Erabiltzaile is not enhanced.

[2023-11-12 04:24:35 #4 type] 
Type domain.User is not enhanced.

[2023-11-12 04:24:35 #5 type] 
Type domain.Buzoia is not enhanced.

[2023-11-12 04:24:35 #6 type] 
Type domain.Mugimendua is not enhanced.

[2023-11-12 04:24:35 #7 type] 
Type domain.Mezua is not enhanced.

[2023-11-12 04:24:35 #8 type] 
Type domain.Question is not enhanced.

[2023-11-12 04:24:35 #9 type] 
Type domain.Event is not enhanced.

[2023-11-12 04:24:35 #10 type] 
Type domain.Quote is not enhanced.

[2023-11-12 04:24:35 #11 type] 
Type domain.Admin is not enhanced.

[2023-11-12 04:24:35 #12 type] 
Type domain.Langile is not enhanced.

[2023-11-12 04:24:35 #13 type] 
Type domain.Apostatu is not enhanced.

------------------------------------------------------------------------------------------------------------------------

[2023-11-12 04:27:46 #1 store] 
Database '/home/josu/git/Bets21/src/main/resources/bets.temp' is opened by 20082@jabox

[2023-11-12 04:27:46 #2 store] 
Configuration path: /home/josu/git/Bets21/objectdb.conf

[2023-11-12 04:27:47 #3 type] 
Type domain.Erabiltzaile is not enhanced.

[2023-11-12 04:27:47 #4 type] 
Type domain.User is not enhanced.

[2023-11-12 04:27:47 #5 type] 
Type domain.Buzoia is not enhanced.

[2023-11-12 04:27:47 #6 type] 
Type domain.Mugimendua is not enhanced.

[2023-11-12 04:27:47 #7 type] 
Type domain.Mezua is not enhanced.

[2023-11-12 04:27:47 #8 type] 
Type domain.Question is not enhanced.

[2023-11-12 04:27:47 #9 type] 
Type domain.Event is not enhanced.

[2023-11-12 04:27:47 #10 type] 
Type domain.Quote is not enhanced.

[2023-11-12 04:27:47 #11 type] 
Type domain.Admin is not enhanced.

[2023-11-12 04:27:47 #12 type] 
Type domain.Langile is not enhanced.

[2023-11-12 04:27:47 #13 type] 
Type domain.Apostatu is not enhanced.

------------------------------------------------------------------------------------------------------------------------

[2023-11-12 04:30:23 #1 store] 
Database '/home/josu/git/Bets21/src/main/resources/bets.temp' is opened by 21118@jabox

[2023-11-12 04:30:23 #2 store] 
Configuration path: /home/josu/git/Bets21/objectdb.conf

[2023-11-12 04:30:23 #3 type] 
Type domain.Erabiltzaile is not enhanced.

[2023-11-12 04:30:23 #4 type] 
Type domain.User is not enhanced.

[2023-11-12 04:30:23 #5 type] 
Type domain.Buzoia is not enhanced.

[2023-11-12 04:30:23 #6 type] 
Type domain.Mugimendua is not enhanced.

[2023-11-12 04:30:23 #7 type] 
Type domain.Mezua is not enhanced.

[2023-11-12 04:30:24 #8 type] 
Type domain.Question is not enhanced.

[2023-11-12 04:30:24 #9 type] 
Type domain.Event is not enhanced.

[2023-11-12 04:30:24 #10 type] 
Type domain.Quote is not enhanced.

[2023-11-12 04:30:24 #11 type] 
Type domain.Admin is not enhanced.

[2023-11-12 04:30:24 #12 type] 
Type domain.Langile is not enhanced.

[2023-11-12 04:30:24 #13 type] 
Type domain.Apostatu is not enhanced.

