------------------------------------------------------------------------------------------------------------------------

[2023-11-11 19:28:45 #1 store] 
Database '/home/josu/git/Bets21/src/main/resources/bets.temp' has been recovered (tr. 608-618)

[2023-11-11 19:28:45 #2 store] 
Database '/home/josu/git/Bets21/src/main/resources/bets.temp' is opened by 369995@jabox

[2023-11-11 19:28:45 #3 store] 
Configuration path: /home/josu/git/Bets21/objectdb.conf

[2023-11-11 19:28:46 #4 type] 
Type domain.Erabiltzaile is not enhanced.

[2023-11-11 19:28:46 #5 type] 
Type domain.User is not enhanced.

[2023-11-11 19:28:46 #6 type] 
Type domain.Buzoia is not enhanced.

[2023-11-11 19:28:46 #7 type] 
Type domain.Mugimendua is not enhanced.

[2023-11-11 19:28:46 #8 type] 
Type domain.Mezua is not enhanced.

[2023-11-11 19:28:46 #9 type] 
Type domain.Question is not enhanced.

[2023-11-11 19:28:46 #10 type] 
Type domain.Event is not enhanced.

[2023-11-11 19:28:46 #11 type] 
Type domain.Quote is not enhanced.

[2023-11-11 19:28:46 #12 type] 
Type domain.Admin is not enhanced.

[2023-11-11 19:28:46 #13 type] 
Type domain.Langile is not enhanced.

[2023-11-11 19:28:46 #14 type] 
Type domain.Apostatu is not enhanced.

------------------------------------------------------------------------------------------------------------------------

[2023-11-11 19:31:00 #1 store] 
Database '/home/josu/git/Bets21/src/main/resources/bets.temp' is opened by 370582@jabox

[2023-11-11 19:31:00 #2 store] 
Configuration path: /home/josu/git/Bets21/objectdb.conf

[2023-11-11 19:31:00 #3 type] 
Type domain.Erabiltzaile is not enhanced.

[2023-11-11 19:31:00 #4 type] 
Type domain.User is not enhanced.

[2023-11-11 19:31:00 #5 type] 
Type domain.Buzoia is not enhanced.

[2023-11-11 19:31:00 #6 type] 
Type domain.Mugimendua is not enhanced.

[2023-11-11 19:31:01 #7 type] 
Type domain.Mezua is not enhanced.

[2023-11-11 19:31:01 #8 type] 
Type domain.Question is not enhanced.

[2023-11-11 19:31:01 #9 type] 
Type domain.Event is not enhanced.

[2023-11-11 19:31:01 #10 type] 
Type domain.Quote is not enhanced.

[2023-11-11 19:31:01 #11 type] 
Type domain.Admin is not enhanced.

[2023-11-11 19:31:01 #12 type] 
Type domain.Langile is not enhanced.

[2023-11-11 19:31:01 #13 type] 
Type domain.Apostatu is not enhanced.

------------------------------------------------------------------------------------------------------------------------

[2023-11-11 19:32:29 #1 store] 
Database '/home/josu/git/Bets21/src/main/resources/bets.temp' is opened by 370856@jabox

[2023-11-11 19:32:29 #2 store] 
Configuration path: /home/josu/git/Bets21/objectdb.conf

[2023-11-11 19:32:29 #3 type] 
Type domain.Erabiltzaile is not enhanced.

[2023-11-11 19:32:29 #4 type] 
Type domain.User is not enhanced.

[2023-11-11 19:32:29 #5 type] 
Type domain.Buzoia is not enhanced.

[2023-11-11 19:32:29 #6 type] 
Type domain.Mugimendua is not enhanced.

[2023-11-11 19:32:29 #7 type] 
Type domain.Mezua is not enhanced.

[2023-11-11 19:32:29 #8 type] 
Type domain.Question is not enhanced.

[2023-11-11 19:32:29 #9 type] 
Type domain.Event is not enhanced.

[2023-11-11 19:32:29 #10 type] 
Type domain.Quote is not enhanced.

[2023-11-11 19:32:29 #11 type] 
Type domain.Admin is not enhanced.

[2023-11-11 19:32:29 #12 type] 
Type domain.Langile is not enhanced.

[2023-11-11 19:32:29 #13 type] 
Type domain.Apostatu is not enhanced.

------------------------------------------------------------------------------------------------------------------------

[2023-11-11 21:49:41 #1 store] 
Database '/home/josu/git/Bets21/src/main/resources/bets.temp' is opened by 398039@jabox

[2023-11-11 21:49:41 #2 store] 
Configuration path: /home/josu/git/Bets21/objectdb.conf

[2023-11-11 21:49:41 #3 type] 
Type domain.Erabiltzaile is not enhanced.

[2023-11-11 21:49:41 #4 type] 
Type domain.User is not enhanced.

[2023-11-11 21:49:41 #5 type] 
Type domain.Buzoia is not enhanced.

[2023-11-11 21:49:41 #6 type] 
Type domain.Mugimendua is not enhanced.

[2023-11-11 21:49:41 #7 type] 
Type domain.Mezua is not enhanced.

[2023-11-11 21:49:42 #8 type] 
Type domain.Question is not enhanced.

[2023-11-11 21:49:42 #9 type] 
Type domain.Event is not enhanced.

[2023-11-11 21:49:42 #10 type] 
Type domain.Quote is not enhanced.

[2023-11-11 21:49:42 #11 type] 
Type domain.Admin is not enhanced.

[2023-11-11 21:49:42 #12 type] 
Type domain.Langile is not enhanced.

[2023-11-11 21:49:42 #13 type] 
Type domain.Apostatu is not enhanced.

------------------------------------------------------------------------------------------------------------------------

[2023-11-11 21:53:08 #1 store] 
Database '/home/josu/git/Bets21/src/main/resources/bets.temp' is opened by 399087@jabox

[2023-11-11 21:53:08 #2 store] 
Configuration path: /home/josu/git/Bets21/objectdb.conf

[2023-11-11 21:53:08 #3 type] 
Type domain.Erabiltzaile is not enhanced.

[2023-11-11 21:53:08 #4 type] 
Type domain.User is not enhanced.

[2023-11-11 21:53:08 #5 type] 
Type domain.Buzoia is not enhanced.

[2023-11-11 21:53:09 #6 type] 
Type domain.Mugimendua is not enhanced.

[2023-11-11 21:53:09 #7 type] 
Type domain.Mezua is not enhanced.

[2023-11-11 21:53:09 #8 type] 
Type domain.Question is not enhanced.

[2023-11-11 21:53:09 #9 type] 
Type domain.Event is not enhanced.

[2023-11-11 21:53:09 #10 type] 
Type domain.Quote is not enhanced.

[2023-11-11 21:53:09 #11 type] 
Type domain.Admin is not enhanced.

[2023-11-11 21:53:09 #12 type] 
Type domain.Langile is not enhanced.

[2023-11-11 21:53:09 #13 type] 
Type domain.Apostatu is not enhanced.

------------------------------------------------------------------------------------------------------------------------

[2023-11-11 21:53:42 #1 store] 
Database '/home/josu/git/Bets21/src/main/resources/bets.temp' is opened by 399308@jabox

[2023-11-11 21:53:42 #2 store] 
Configuration path: /home/josu/git/Bets21/objectdb.conf

[2023-11-11 21:53:43 #3 type] 
Type domain.Erabiltzaile is not enhanced.

[2023-11-11 21:53:43 #4 type] 
Type domain.User is not enhanced.

[2023-11-11 21:53:43 #5 type] 
Type domain.Buzoia is not enhanced.

[2023-11-11 21:53:43 #6 type] 
Type domain.Mugimendua is not enhanced.

[2023-11-11 21:53:43 #7 type] 
Type domain.Mezua is not enhanced.

[2023-11-11 21:53:43 #8 type] 
Type domain.Question is not enhanced.

[2023-11-11 21:53:43 #9 type] 
Type domain.Event is not enhanced.

[2023-11-11 21:53:43 #10 type] 
Type domain.Quote is not enhanced.

[2023-11-11 21:53:43 #11 type] 
Type domain.Admin is not enhanced.

[2023-11-11 21:53:43 #12 type] 
Type domain.Langile is not enhanced.

[2023-11-11 21:53:43 #13 type] 
Type domain.Apostatu is not enhanced.

------------------------------------------------------------------------------------------------------------------------

[2023-11-11 21:57:56 #1 store] 
Database '/home/josu/git/Bets21/src/main/resources/bets.temp' is opened by 400700@jabox

[2023-11-11 21:57:56 #2 store] 
Configuration path: /home/josu/git/Bets21/objectdb.conf

[2023-11-11 21:57:56 #3 type] 
Type domain.Erabiltzaile is not enhanced.

[2023-11-11 21:57:56 #4 type] 
Type domain.User is not enhanced.

[2023-11-11 21:57:56 #5 type] 
Type domain.Buzoia is not enhanced.

[2023-11-11 21:57:57 #6 type] 
Type domain.Mugimendua is not enhanced.

[2023-11-11 21:57:57 #7 type] 
Type domain.Mezua is not enhanced.

[2023-11-11 21:57:57 #8 type] 
Type domain.Question is not enhanced.

[2023-11-11 21:57:57 #9 type] 
Type domain.Event is not enhanced.

[2023-11-11 21:57:57 #10 type] 
Type domain.Quote is not enhanced.

[2023-11-11 21:57:57 #11 type] 
Type domain.Admin is not enhanced.

[2023-11-11 21:57:57 #12 type] 
Type domain.Langile is not enhanced.

[2023-11-11 21:57:57 #13 type] 
Type domain.Apostatu is not enhanced.

------------------------------------------------------------------------------------------------------------------------

[2023-11-11 22:00:43 #1 store] 
Database '/home/josu/git/Bets21/src/main/resources/bets.temp' is opened by 401507@jabox

[2023-11-11 22:00:43 #2 store] 
Configuration path: /home/josu/git/Bets21/objectdb.conf

[2023-11-11 22:00:43 #3 type] 
Type domain.Erabiltzaile is not enhanced.

[2023-11-11 22:00:43 #4 type] 
Type domain.User is not enhanced.

[2023-11-11 22:00:43 #5 type] 
Type domain.Buzoia is not enhanced.

[2023-11-11 22:00:43 #6 type] 
Type domain.Mugimendua is not enhanced.

[2023-11-11 22:00:43 #7 type] 
Type domain.Mezua is not enhanced.

[2023-11-11 22:00:43 #8 type] 
Type domain.Question is not enhanced.

[2023-11-11 22:00:43 #9 type] 
Type domain.Event is not enhanced.

[2023-11-11 22:00:43 #10 type] 
Type domain.Quote is not enhanced.

[2023-11-11 22:00:43 #11 type] 
Type domain.Admin is not enhanced.

[2023-11-11 22:00:43 #12 type] 
Type domain.Langile is not enhanced.

[2023-11-11 22:00:43 #13 type] 
Type domain.Apostatu is not enhanced.

------------------------------------------------------------------------------------------------------------------------

[2023-11-11 22:07:24 #1 store] 
Database '/home/josu/git/Bets21/src/main/resources/bets.temp' is opened by 403633@jabox

[2023-11-11 22:07:24 #2 store] 
Configuration path: /home/josu/git/Bets21/objectdb.conf

[2023-11-11 22:07:24 #3 type] 
Type domain.Erabiltzaile is not enhanced.

[2023-11-11 22:07:24 #4 type] 
Type domain.User is not enhanced.

[2023-11-11 22:07:24 #5 type] 
Type domain.Buzoia is not enhanced.

[2023-11-11 22:07:24 #6 type] 
Type domain.Mugimendua is not enhanced.

[2023-11-11 22:07:24 #7 type] 
Type domain.Mezua is not enhanced.

[2023-11-11 22:07:24 #8 type] 
Type domain.Question is not enhanced.

[2023-11-11 22:07:24 #9 type] 
Type domain.Event is not enhanced.

[2023-11-11 22:07:24 #10 type] 
Type domain.Quote is not enhanced.

[2023-11-11 22:07:24 #11 type] 
Type domain.Admin is not enhanced.

[2023-11-11 22:07:24 #12 type] 
Type domain.Langile is not enhanced.

[2023-11-11 22:07:24 #13 type] 
Type domain.Apostatu is not enhanced.

------------------------------------------------------------------------------------------------------------------------

[2023-11-11 22:17:46 #1 store] 
Database '/home/josu/git/Bets21/src/main/resources/bets.temp' is opened by 407004@jabox

[2023-11-11 22:17:46 #2 store] 
Configuration path: /home/josu/git/Bets21/objectdb.conf

[2023-11-11 22:17:46 #3 type] 
Type domain.Erabiltzaile is not enhanced.

[2023-11-11 22:17:46 #4 type] 
Type domain.User is not enhanced.

[2023-11-11 22:17:46 #5 type] 
Type domain.Buzoia is not enhanced.

[2023-11-11 22:17:46 #6 type] 
Type domain.Mugimendua is not enhanced.

[2023-11-11 22:17:46 #7 type] 
Type domain.Mezua is not enhanced.

[2023-11-11 22:17:46 #8 type] 
Type domain.Question is not enhanced.

[2023-11-11 22:17:46 #9 type] 
Type domain.Event is not enhanced.

[2023-11-11 22:17:46 #10 type] 
Type domain.Quote is not enhanced.

[2023-11-11 22:17:46 #11 type] 
Type domain.Admin is not enhanced.

[2023-11-11 22:17:46 #12 type] 
Type domain.Langile is not enhanced.

[2023-11-11 22:17:46 #13 type] 
Type domain.Apostatu is not enhanced.

------------------------------------------------------------------------------------------------------------------------

[2023-11-11 22:18:39 #1 store] 
Database '/home/josu/git/Bets21/src/main/resources/bets.temp' is opened by 407303@jabox

[2023-11-11 22:18:39 #2 store] 
Configuration path: /home/josu/git/Bets21/objectdb.conf

[2023-11-11 22:18:39 #3 type] 
Type domain.Erabiltzaile is not enhanced.

[2023-11-11 22:18:39 #4 type] 
Type domain.User is not enhanced.

[2023-11-11 22:18:39 #5 type] 
Type domain.Buzoia is not enhanced.

[2023-11-11 22:18:39 #6 type] 
Type domain.Mugimendua is not enhanced.

[2023-11-11 22:18:39 #7 type] 
Type domain.Mezua is not enhanced.

[2023-11-11 22:18:39 #8 type] 
Type domain.Question is not enhanced.

[2023-11-11 22:18:39 #9 type] 
Type domain.Event is not enhanced.

[2023-11-11 22:18:39 #10 type] 
Type domain.Quote is not enhanced.

[2023-11-11 22:18:39 #11 type] 
Type domain.Admin is not enhanced.

[2023-11-11 22:18:39 #12 type] 
Type domain.Langile is not enhanced.

[2023-11-11 22:18:39 #13 type] 
Type domain.Apostatu is not enhanced.

------------------------------------------------------------------------------------------------------------------------

[2023-11-11 22:29:29 #1 store] 
Database '/home/josu/git/Bets21/src/main/resources/bets.temp' is opened by 410462@jabox

[2023-11-11 22:29:29 #2 store] 
Configuration path: /home/josu/git/Bets21/objectdb.conf

[2023-11-11 22:29:29 #3 type] 
Type domain.Erabiltzaile is not enhanced.

[2023-11-11 22:29:29 #4 type] 
Type domain.User is not enhanced.

[2023-11-11 22:29:29 #5 type] 
Type domain.Buzoia is not enhanced.

[2023-11-11 22:29:29 #6 type] 
Type domain.Mugimendua is not enhanced.

[2023-11-11 22:29:29 #7 type] 
Type domain.Mezua is not enhanced.

[2023-11-11 22:29:29 #8 type] 
Type domain.Question is not enhanced.

[2023-11-11 22:29:29 #9 type] 
Type domain.Event is not enhanced.

[2023-11-11 22:29:29 #10 type] 
Type domain.Quote is not enhanced.

[2023-11-11 22:29:29 #11 type] 
Type domain.Admin is not enhanced.

[2023-11-11 22:29:29 #12 type] 
Type domain.Langile is not enhanced.

[2023-11-11 22:29:29 #13 type] 
Type domain.Apostatu is not enhanced.

------------------------------------------------------------------------------------------------------------------------

[2023-11-11 22:30:38 #1 store] 
Database '/home/josu/git/Bets21/src/main/resources/bets.temp' is opened by 410819@jabox

[2023-11-11 22:30:38 #2 store] 
Configuration path: /home/josu/git/Bets21/objectdb.conf

[2023-11-11 22:30:38 #3 type] 
Type domain.Erabiltzaile is not enhanced.

[2023-11-11 22:30:38 #4 type] 
Type domain.User is not enhanced.

[2023-11-11 22:30:38 #5 type] 
Type domain.Buzoia is not enhanced.

[2023-11-11 22:30:38 #6 type] 
Type domain.Mugimendua is not enhanced.

[2023-11-11 22:30:38 #7 type] 
Type domain.Mezua is not enhanced.

[2023-11-11 22:30:38 #8 type] 
Type domain.Question is not enhanced.

[2023-11-11 22:30:38 #9 type] 
Type domain.Event is not enhanced.

[2023-11-11 22:30:38 #10 type] 
Type domain.Quote is not enhanced.

[2023-11-11 22:30:38 #11 type] 
Type domain.Admin is not enhanced.

[2023-11-11 22:30:38 #12 type] 
Type domain.Langile is not enhanced.

[2023-11-11 22:30:38 #13 type] 
Type domain.Apostatu is not enhanced.

------------------------------------------------------------------------------------------------------------------------

[2023-11-11 22:32:40 #1 store] 
Database '/home/josu/git/Bets21/src/main/resources/bets.temp' is opened by 411482@jabox

[2023-11-11 22:32:40 #2 store] 
Configuration path: /home/josu/git/Bets21/objectdb.conf

[2023-11-11 22:32:40 #3 type] 
Type domain.Erabiltzaile is not enhanced.

[2023-11-11 22:32:40 #4 type] 
Type domain.User is not enhanced.

[2023-11-11 22:32:40 #5 type] 
Type domain.Buzoia is not enhanced.

[2023-11-11 22:32:40 #6 type] 
Type domain.Mugimendua is not enhanced.

[2023-11-11 22:32:40 #7 type] 
Type domain.Mezua is not enhanced.

[2023-11-11 22:32:40 #8 type] 
Type domain.Question is not enhanced.

[2023-11-11 22:32:40 #9 type] 
Type domain.Event is not enhanced.

[2023-11-11 22:32:40 #10 type] 
Type domain.Quote is not enhanced.

[2023-11-11 22:32:40 #11 type] 
Type domain.Admin is not enhanced.

[2023-11-11 22:32:40 #12 type] 
Type domain.Langile is not enhanced.

[2023-11-11 22:32:40 #13 type] 
Type domain.Apostatu is not enhanced.

------------------------------------------------------------------------------------------------------------------------

[2023-11-11 22:33:43 #1 store] 
Database '/home/josu/git/Bets21/src/main/resources/bets.temp' is opened by 411814@jabox

[2023-11-11 22:33:43 #2 store] 
Configuration path: /home/josu/git/Bets21/objectdb.conf

[2023-11-11 22:33:43 #3 type] 
Type domain.Erabiltzaile is not enhanced.

[2023-11-11 22:33:43 #4 type] 
Type domain.User is not enhanced.

[2023-11-11 22:33:43 #5 type] 
Type domain.Buzoia is not enhanced.

[2023-11-11 22:33:43 #6 type] 
Type domain.Mugimendua is not enhanced.

[2023-11-11 22:33:43 #7 type] 
Type domain.Mezua is not enhanced.

[2023-11-11 22:33:43 #8 type] 
Type domain.Question is not enhanced.

[2023-11-11 22:33:43 #9 type] 
Type domain.Event is not enhanced.

[2023-11-11 22:33:43 #10 type] 
Type domain.Quote is not enhanced.

[2023-11-11 22:33:43 #11 type] 
Type domain.Admin is not enhanced.

[2023-11-11 22:33:43 #12 type] 
Type domain.Langile is not enhanced.

[2023-11-11 22:33:43 #13 type] 
Type domain.Apostatu is not enhanced.

------------------------------------------------------------------------------------------------------------------------

[2023-11-11 22:41:19 #1 store] 
Database '/home/josu/git/Bets21/src/main/resources/bets.temp' is opened by 414071@jabox

[2023-11-11 22:41:19 #2 store] 
Configuration path: /home/josu/git/Bets21/objectdb.conf

[2023-11-11 22:41:20 #3 type] 
Type domain.Erabiltzaile is not enhanced.

[2023-11-11 22:41:20 #4 type] 
Type domain.User is not enhanced.

[2023-11-11 22:41:20 #5 type] 
Type domain.Buzoia is not enhanced.

[2023-11-11 22:41:20 #6 type] 
Type domain.Mugimendua is not enhanced.

[2023-11-11 22:41:20 #7 type] 
Type domain.Mezua is not enhanced.

[2023-11-11 22:41:20 #8 type] 
Type domain.Question is not enhanced.

[2023-11-11 22:41:20 #9 type] 
Type domain.Event is not enhanced.

[2023-11-11 22:41:20 #10 type] 
Type domain.Quote is not enhanced.

[2023-11-11 22:41:20 #11 type] 
Type domain.Admin is not enhanced.

[2023-11-11 22:41:20 #12 type] 
Type domain.Langile is not enhanced.

[2023-11-11 22:41:20 #13 type] 
Type domain.Apostatu is not enhanced.

